[2019-09-04 00:17:53][]
[2019-09-04 01:48:35][]
[2019-09-04 01:48:42][]
[2019-09-04 03:25:23][]
[2019-09-04 03:25:23][]
[2019-09-04 03:25:23][]
[2019-09-04 03:25:23][]
[2019-09-04 03:25:23][]
[2019-09-04 03:25:23][]
[2019-09-04 03:25:23][]
[2019-09-04 03:25:23][]
[2019-09-04 03:25:23][]
[2019-09-04 03:25:23][]
[2019-09-04 03:25:23][]
[2019-09-04 03:25:23][]
[2019-09-04 03:25:23][]
[2019-09-04 03:25:24][]
[2019-09-04 03:25:24][]
[2019-09-04 03:25:24][]
[2019-09-04 03:25:24][]
[2019-09-04 03:25:24][]
[2019-09-04 03:25:24][]
[2019-09-04 03:25:24][]
[2019-09-04 03:25:25][]
[2019-09-04 03:25:25][]
[2019-09-04 03:25:26][]
[2019-09-04 03:25:26][]
[2019-09-04 03:25:26][]
[2019-09-04 03:25:26][]
[2019-09-04 03:25:26][]
[2019-09-04 03:25:26][]
[2019-09-04 03:25:27][]
[2019-09-04 03:25:27][]
[2019-09-04 03:25:27][]
[2019-09-04 03:25:27][]
[2019-09-04 03:25:27][]
[2019-09-04 11:06:09][]
[2019-09-04 11:06:09][]
[2019-09-04 11:06:10][]
[2019-09-04 11:06:10][]
[2019-09-04 11:06:10][]
[2019-09-04 11:06:10][]
[2019-09-04 11:06:10][]
[2019-09-04 11:06:10][]
[2019-09-04 11:06:10][]
[2019-09-04 11:06:10][]
[2019-09-04 11:06:10][]
[2019-09-04 11:06:10][]
[2019-09-04 11:06:10][]
[2019-09-04 11:06:10][]
[2019-09-04 11:06:10][]
[2019-09-04 11:06:11][]
[2019-09-04 11:06:11][]
[2019-09-04 11:06:11][]
[2019-09-04 11:06:11][]
[2019-09-04 11:06:11][]
[2019-09-04 11:06:11][]
[2019-09-04 11:06:11][]
[2019-09-04 11:06:12][]
[2019-09-04 11:06:12][]
[2019-09-04 11:06:12][]
[2019-09-04 11:06:12][]
[2019-09-04 11:06:12][]
[2019-09-04 11:06:12][]
[2019-09-04 11:06:12][]
[2019-09-04 11:06:12][]
[2019-09-04 11:06:13][]
[2019-09-04 11:06:13][]
[2019-09-04 11:06:13][]
[2019-09-04 17:43:29]{"device_id":"6690100B","img_url":"http:\/\/allonyun.oss-cn-shenzhen.aliyuncs.com\/00000032\/member\/2106600585_01.jpg?OSSAccessKeyId=LTAITmpqqB8DCW0Q&Expires=3135238136&Signature=hr36hAWEblZaK0u8x03jf3Tv4eM%3D","mem_age":"3","mem_hint":"&#x0057;&#x0065;&#x006C;&#x0063;&#x006F;&#x006D;&#x0065;","mem_name":"&#x7F57;&#x715C;&#x6770;","mem_no":"2106600585","mem_sex":"&#x7537;","mem_sort":"&#x5458;&#x5DE5;&#x5361;","timestamp":"1567619008","url_type":"1","sign":"81b21751726a2602a20d321bb67bc8b4"}
[2019-09-04 17:43:56]{"device_id":"6690100B","img_url":"http:\/\/allonyun.oss-cn-shenzhen.aliyuncs.com\/00000032\/member\/2106600585_01.jpg?OSSAccessKeyId=LTAITmpqqB8DCW0Q&Expires=3135238190&Signature=sDxH72p7LX7q4iToZ384USQNyqk%3D","mem_age":"3","mem_hint":"&#x0057;&#x0065;&#x006C;&#x0063;&#x006F;&#x006D;&#x0065;","mem_name":"&#x7F57;&#x715C;&#x6770;","mem_no":"2106600585","mem_sex":"&#x7537;","mem_sort":"&#x5458;&#x5DE5;&#x5361;","timestamp":"1567619035","url_type":"1","sign":"37c7c2fc4cdd0716d1ed0425fd73224f"}
[2019-09-04 17:48:30]{"device_id":"66901011","img_url":"http:\/\/allonyun.oss-cn-shenzhen.aliyuncs.com\/00000032\/member\/2106600582_01.jpg?OSSAccessKeyId=LTAITmpqqB8DCW0Q&Expires=3135238740&Signature=hhho%2BhW%2BLto5ASdMPC2scP4RWn0%3D","mem_age":"3","mem_hint":"&#x0057;&#x0065;&#x006C;&#x0063;&#x006F;&#x006D;&#x0065;","mem_name":"&#x5362;&#x5B50;&#x8F69;","mem_no":"2106600582","mem_sex":"&#x7537;","mem_sort":"&#x5458;&#x5DE5;&#x5361;","timestamp":"1567619310","url_type":"1","sign":"a21668f6c70246fb316546fa6103bcfc"}
[2019-09-04 17:49:24]{"device_id":"66901011","img_url":"http:\/\/allonyun.oss-cn-shenzhen.aliyuncs.com\/00000032\/member\/2106600238_01.jpg?OSSAccessKeyId=LTAITmpqqB8DCW0Q&Expires=3135238848&Signature=41lpasFNflrPR6%2BqAav8YCDwICw%3D","mem_age":"6","mem_hint":"&#x0057;&#x0065;&#x006C;&#x0063;&#x006F;&#x006D;&#x0065;","mem_name":"&#x7F57;&#x8D24;&#x8D5F;","mem_no":"2106600238","mem_sex":"&#x5973;","mem_sort":"&#x60E0;&#x9E7F;&#x5E74;&#x5361;","timestamp":"1567619364","url_type":"1","sign":"9f39ab5ababf0763e89a93b6181c1440"}
[2019-09-04 17:59:22][]
[2019-09-04 17:59:22][]
[2019-09-04 17:59:22][]
[2019-09-04 17:59:22][]
[2019-09-04 17:59:22][]
[2019-09-04 17:59:22][]
[2019-09-04 17:59:23][]
[2019-09-04 17:59:23][]
[2019-09-04 17:59:23][]
[2019-09-04 17:59:23][]
[2019-09-04 17:59:23][]
[2019-09-04 17:59:25][]
[2019-09-04 17:59:25][]
[2019-09-04 17:59:25][]
[2019-09-04 17:59:25][]
[2019-09-04 17:59:25][]
[2019-09-04 17:59:25][]
[2019-09-04 17:59:25][]
[2019-09-04 17:59:25][]
[2019-09-04 17:59:26][]
[2019-09-04 17:59:26][]
[2019-09-04 17:59:26][]
[2019-09-04 18:12:15]{"device_id":"6690100C","img_url":"http:\/\/allonyun.oss-cn-shenzhen.aliyuncs.com\/00000032\/member\/2106600232_01.jpg?OSSAccessKeyId=LTAITmpqqB8DCW0Q&Expires=3135241590&Signature=0hamfzftojS1tMfMawQXJwH%2FRI0%3D","mem_age":"5","mem_hint":"&#x0057;&#x0065;&#x006C;&#x0063;&#x006F;&#x006D;&#x0065;","mem_name":"&#x9F99;&#x601D;&#x4F2F;&#x0037;&#x0032;&#x0032;&#x0039;","mem_no":"2106600232","mem_sex":"&#x7537;","mem_sort":"&#x60E0;&#x9E7F;&#x5E74;&#x5361;","timestamp":"1567620735","url_type":"1","sign":"b64f7dcfeb90426b49aaec1cb2c3554a"}
[2019-09-04 18:19:27][]
[2019-09-04 18:19:27][]
[2019-09-04 18:19:27][]
[2019-09-04 18:19:27][]
[2019-09-04 18:19:27][]
[2019-09-04 18:19:27][]
[2019-09-04 18:19:28][]
[2019-09-04 18:19:28][]
[2019-09-04 18:19:28][]
[2019-09-04 18:19:28][]
[2019-09-04 18:19:28][]
[2019-09-04 18:56:12]{"device_id":"6690100C","img_url":"http:\/\/allonyun.oss-cn-shenzhen.aliyuncs.com\/00000032\/member\/2106600245_01.jpg?OSSAccessKeyId=LTAITmpqqB8DCW0Q&Expires=3135246864&Signature=Q4Mz7w8E3Gd96hEzLgVzaFGYvQ8%3D","mem_age":"2","mem_hint":"&#x0057;&#x0065;&#x006C;&#x0063;&#x006F;&#x006D;&#x0065;","mem_name":"&#x5170;&#x7693;&#x8F69;","mem_no":"2106600245","mem_sex":"&#x7537;","mem_sort":"&#x60E0;&#x9E7F;&#x5E74;&#x5361;","timestamp":"1567623372","url_type":"1","sign":"1373c5ae9ee569c6694d60fdd257ef62"}
[2019-09-04 18:58:42]{"device_id":"6690100C","img_url":"http:\/\/allonyun.oss-cn-shenzhen.aliyuncs.com\/00000032\/member\/2106600247_01.jpg?OSSAccessKeyId=LTAITmpqqB8DCW0Q&Expires=3135247162&Signature=dSAokVRj%2BIjEeXxzvUvx7mvhVbI%3D","mem_age":"2","mem_hint":"&#x0057;&#x0065;&#x006C;&#x0063;&#x006F;&#x006D;&#x0065;","mem_name":"&#x8C2D;&#x6DB5;&#x6708;","mem_no":"2106600247","mem_sex":"&#x5973;","mem_sort":"&#x60E0;&#x9E7F;&#x5E74;&#x5361;","timestamp":"1567623521","url_type":"1","sign":"b71069ffe44327b9dcdd8f150ed863be"}
[2019-09-04 19:13:34]{"device_id":"6690100C","img_url":"http:\/\/allonyun.oss-cn-shenzhen.aliyuncs.com\/00000032\/member\/2106600588_01.jpg?OSSAccessKeyId=LTAITmpqqB8DCW0Q&Expires=3135248948&Signature=JRfey4lf%2BA0VBHXZxlhAL%2B7Iqw8%3D","mem_age":"10","mem_hint":"&#x0057;&#x0065;&#x006C;&#x0063;&#x006F;&#x006D;&#x0065;","mem_name":"&#x5510;&#x96E8;&#x831C;","mem_no":"2106600588","mem_sex":"&#x5973;","mem_sort":"&#x5458;&#x5DE5;&#x5361;","timestamp":"1567624414","url_type":"1","sign":"08658b0fc74a64a42cfeec38d9c7f59a"}
[2019-09-04 19:13:42]{"device_id":"6690100C","img_url":"http:\/\/allonyun.oss-cn-shenzhen.aliyuncs.com\/00000032\/member\/2106600587_01.jpg?OSSAccessKeyId=LTAITmpqqB8DCW0Q&Expires=3135248962&Signature=OkatKMS9FYVromBgSIBZWjMz8wg%3D","mem_age":"6","mem_hint":"&#x0057;&#x0065;&#x006C;&#x0063;&#x006F;&#x006D;&#x0065;","mem_name":"&#x5510;&#x9038;&#x8F69;","mem_no":"2106600587","mem_sex":"&#x7537;","mem_sort":"&#x5458;&#x5DE5;&#x5361;","timestamp":"1567624421","url_type":"1","sign":"87f028cc7042f83543fb9c669cb829e2"}
[2019-09-04 19:16:21]{"device_id":"6690100C","img_url":"http:\/\/allonyun.oss-cn-shenzhen.aliyuncs.com\/00000032\/member\/2106600250_01.jpg?OSSAccessKeyId=LTAITmpqqB8DCW0Q&Expires=3135249282&Signature=fJ2kloypud2syWVw%2FeYl5Vu3Wrs%3D","mem_age":"3","mem_hint":"&#x0057;&#x0065;&#x006C;&#x0063;&#x006F;&#x006D;&#x0065;","mem_name":"&#x675C;&#x5B9D;&#x5B9D;","mem_no":"2106600250","mem_sex":"&#x7537;","mem_sort":"&#x60E0;&#x9E7F;&#x5E74;&#x5361;","timestamp":"1567624581","url_type":"1","sign":"9855ebf60194ce5276e68cf2c678fc9f"}
[2019-09-04 19:16:52]{"device_id":"6690100C","img_url":"http:\/\/allonyun.oss-cn-shenzhen.aliyuncs.com\/00000032\/member\/2104110629_01.jpg?OSSAccessKeyId=LTAITmpqqB8DCW0Q&Expires=3135249342&Signature=diL1Sv4pKxNsHfrhnhEH4LIOWIg%3D","mem_age":"2","mem_hint":"&#x0057;&#x0065;&#x006C;&#x0063;&#x006F;&#x006D;&#x0065;","mem_name":"&#x8C22;&#x660C;&#x9F99;","mem_no":"2104110629","mem_sex":"&#x7537;","mem_sort":"&#x60E0;&#x9E7F;&#x5E74;&#x5361;","timestamp":"1567624611","url_type":"1","sign":"52811a4d96b23e40b5cc7ce00cabcb93"}
[2019-09-04 19:34:46]{"device_id":"66801005","img_url":"http:\/\/allonyun.oss-cn-shenzhen.aliyuncs.com\/00000026\/member\/2102105361_01.jpg?OSSAccessKeyId=LTAITmpqqB8DCW0Q&Expires=3135251491&Signature=fEFipjxVWNXEztBxMcgfIdgcyUs%3D","mem_age":"0","mem_hint":"&#x0057;&#x0065;&#x006C;&#x0063;&#x006F;&#x006D;&#x0065;","mem_name":"&#x6ED5;&#x552F;&#x6C5F;","mem_no":"2102105361","mem_sex":"&#x7537;","mem_sort":"&#x94F6;&#x5361;","timestamp":"1567625686","url_type":"1","sign":"868b19be2966ca7b47c8ff6e7a42dafa"}
[2019-09-04 19:48:41]{"device_id":"6690100B","img_url":"http:\/\/allonyun.oss-cn-shenzhen.aliyuncs.com\/00000032\/member\/2104107811_01.jpg?OSSAccessKeyId=LTAITmpqqB8DCW0Q&Expires=3135253162&Signature=Cgk%2F9WNKkhsLUxGO5wIrUXxzWH4%3D","mem_age":"2","mem_hint":"&#x0057;&#x0065;&#x006C;&#x0063;&#x006F;&#x006D;&#x0065;","mem_name":"&#x9EC4;&#x88D4;&#x68E0;&#x0030;&#x0034;&#x0038;&#x0037;","mem_no":"2104107811","mem_sex":"&#x7537;","mem_sort":"&#x4F1A;&#x5458;&#x5361;","timestamp":"1567626521","url_type":"1","sign":"97b19b61e34867086308a47ef7179f8a"}
[2019-09-04 20:01:28]{"device_id":"6690100B","img_url":"http:\/\/allonyun.oss-cn-shenzhen.aliyuncs.com\/00000032\/member\/2106600201_01.jpg?OSSAccessKeyId=LTAITmpqqB8DCW0Q&Expires=3135254694&Signature=HKrp7wIfJd3vDTNeZ%2Fh5zt5Nt68%3D","mem_age":"3","mem_hint":"&#x0057;&#x0065;&#x006C;&#x0063;&#x006F;&#x006D;&#x0065;","mem_name":"&#x6B27;&#x9633;&#x67CF;&#x6D69;&#x0031;&#x0036;&#x0032;&#x0033;","mem_no":"2106600201","mem_sex":"&#x7537;","mem_sort":"&#x60E0;&#x9E7F;&#x5E74;&#x5361;","timestamp":"1567627287","url_type":"1","sign":"8cbc1525b10acd2001c4f81baec3c476"}
[2019-09-04 20:01:46]{"device_id":"6690100B","img_url":"http:\/\/allonyun.oss-cn-shenzhen.aliyuncs.com\/00000032\/member\/2106600201_01.jpg?OSSAccessKeyId=LTAITmpqqB8DCW0Q&Expires=3135254732&Signature=d%2F5G6ZiVUsauwZ9J8v6qc3tKaxM%3D","mem_age":"3","mem_hint":"&#x0057;&#x0065;&#x006C;&#x0063;&#x006F;&#x006D;&#x0065;","mem_name":"&#x6B27;&#x9633;&#x67CF;&#x6D69;&#x0031;&#x0036;&#x0032;&#x0033;","mem_no":"2106600201","mem_sex":"&#x7537;","mem_sort":"&#x60E0;&#x9E7F;&#x5E74;&#x5361;","timestamp":"1567627306","url_type":"1","sign":"7484811b2452556a171f55a3d0b46e0d"}
