[2019-09-27 00:13:01][]
[2019-09-27 00:13:01][]
[2019-09-27 00:13:01][]
[2019-09-27 00:13:01][]
[2019-09-27 00:13:01][]
[2019-09-27 00:13:01][]
[2019-09-27 00:13:02][]
[2019-09-27 00:13:02][]
[2019-09-27 00:13:02][]
[2019-09-27 00:13:02][]
[2019-09-27 00:13:02][]
[2019-09-27 00:13:02][]
[2019-09-27 00:13:02][]
[2019-09-27 00:13:02][]
[2019-09-27 00:13:02][]
[2019-09-27 00:13:02][]
[2019-09-27 00:13:02][]
[2019-09-27 00:13:02][]
[2019-09-27 00:13:02][]
[2019-09-27 00:13:02][]
[2019-09-27 00:13:02][]
[2019-09-27 00:13:02][]
[2019-09-27 00:13:02][]
[2019-09-27 00:13:02][]
[2019-09-27 00:13:02][]
[2019-09-27 00:13:03][]
[2019-09-27 00:13:03][]
[2019-09-27 00:13:03][]
[2019-09-27 00:13:03][]
[2019-09-27 00:13:03][]
[2019-09-27 00:13:03][]
[2019-09-27 00:13:03][]
[2019-09-27 00:13:03][]
[2019-09-27 00:13:03][]
[2019-09-27 00:13:03][]
[2019-09-27 00:13:03][]
[2019-09-27 00:13:03][]
[2019-09-27 00:13:03][]
[2019-09-27 00:13:03][]
[2019-09-27 00:13:03][]
[2019-09-27 00:13:03][]
[2019-09-27 00:13:03][]
[2019-09-27 00:13:03][]
[2019-09-27 00:13:03][]
[2019-09-27 00:13:03][]
[2019-09-27 00:13:03][]
[2019-09-27 00:13:04][]
[2019-09-27 00:13:04][]
[2019-09-27 00:13:04][]
[2019-09-27 00:13:04][]
[2019-09-27 00:13:04][]
[2019-09-27 00:13:04][]
[2019-09-27 00:13:04][]
[2019-09-27 00:13:04][]
[2019-09-27 00:13:04][]
[2019-09-27 03:45:36][]
[2019-09-27 03:45:36][]
[2019-09-27 03:45:36][]
[2019-09-27 03:45:36][]
[2019-09-27 03:45:36][]
[2019-09-27 03:45:36][]
[2019-09-27 03:45:36][]
[2019-09-27 03:45:37][]
[2019-09-27 03:45:37][]
[2019-09-27 03:45:37][]
[2019-09-27 03:45:37][]
[2019-09-27 03:45:37][]
[2019-09-27 03:45:37][]
[2019-09-27 03:45:37][]
[2019-09-27 03:45:37][]
[2019-09-27 03:45:37][]
[2019-09-27 03:45:37][]
[2019-09-27 03:45:37][]
[2019-09-27 03:45:37][]
[2019-09-27 03:45:38][]
[2019-09-27 03:45:38][]
[2019-09-27 03:45:38][]
[2019-09-27 03:45:38][]
[2019-09-27 03:45:38][]
[2019-09-27 03:45:39][]
[2019-09-27 03:45:39][]
[2019-09-27 03:45:39][]
[2019-09-27 03:45:39][]
[2019-09-27 03:45:39][]
[2019-09-27 03:45:39][]
[2019-09-27 03:45:40][]
[2019-09-27 03:45:40][]
[2019-09-27 03:45:40][]
[2019-09-27 07:19:46][]
[2019-09-27 18:50:21]{"device_id":"6690100C","img_url":"http:\/\/allonyun.oss-cn-shenzhen.aliyuncs.com\/00000032\/member\/2106600232_01.jpg?OSSAccessKeyId=LTAITmpqqB8DCW0Q&Expires=3139220562&Signature=qF0kkY%2Fo5W5nztMDEf1BRbYfuNk%3D","mem_age":"5","mem_hint":"&#x0057;&#x0065;&#x006C;&#x0063;&#x006F;&#x006D;&#x0065;","mem_name":"&#x9F99;&#x601D;&#x4F2F;&#x0037;&#x0032;&#x0032;&#x0039;","mem_no":"2106600232","mem_sex":"&#x7537;","mem_sort":"&#x60E0;&#x9E7F;&#x5E74;&#x5361;","timestamp":"1569610221","url_type":"1","sign":"d2445e0d685360243832e0891fa10f5c"}
[2019-09-27 19:02:49]{"device_id":"66901011","img_url":"http:\/\/allonyun.oss-cn-shenzhen.aliyuncs.com\/00000032\/member\/2106600247_01.jpg?OSSAccessKeyId=LTAITmpqqB8DCW0Q&Expires=3139222058&Signature=YhuXt9yZziM7ylHlOW6PmPq3bho%3D","mem_age":"2","mem_hint":"&#x0057;&#x0065;&#x006C;&#x0063;&#x006F;&#x006D;&#x0065;","mem_name":"&#x8C2D;&#x6DB5;&#x6708;","mem_no":"2106600247","mem_sex":"&#x5973;","mem_sort":"&#x60E0;&#x9E7F;&#x5E74;&#x5361;","timestamp":"1569610969","url_type":"1","sign":"b66df3c859551a689f903b9e83f79c29"}
[2019-09-27 19:15:23]{"device_id":"66901011","img_url":"http:\/\/allonyun.oss-cn-shenzhen.aliyuncs.com\/00000032\/member\/2106600410_01.jpg?OSSAccessKeyId=LTAITmpqqB8DCW0Q&Expires=3139223566&Signature=HMwbj%2FR%2FugyRfmJcZb7G1sNCjCc%3D","mem_age":"2","mem_hint":"&#x0057;&#x0065;&#x006C;&#x0063;&#x006F;&#x006D;&#x0065;","mem_name":"&#x90B9;&#x8574;&#x6A59;","mem_no":"2106600410","mem_sex":"&#x5973;","mem_sort":"&#x60E0;&#x9E7F;&#x5E74;&#x5361;","timestamp":"1569611723","url_type":"1","sign":"9e99380e00a80acb45d8418d7bc61ac0"}
[2019-09-27 19:42:35]{"device_id":"66901011","img_url":"http:\/\/allonyun.oss-cn-shenzhen.aliyuncs.com\/00000032\/member\/2106600230_01.jpg?OSSAccessKeyId=LTAITmpqqB8DCW0Q&Expires=3139226830&Signature=v%2BxGIjy%2FH%2BEdkV8pak5iofKzyE8%3D","mem_age":"4","mem_hint":"&#x0057;&#x0065;&#x006C;&#x0063;&#x006F;&#x006D;&#x0065;","mem_name":"&#x59DC;&#x5C0F;&#x96E8;","mem_no":"2106600230","mem_sex":"&#x5973;","mem_sort":"&#x60E0;&#x9E7F;&#x5E74;&#x5361;","timestamp":"1569613355","url_type":"1","sign":"323786328d68120b575913e1da2a790a"}
[2019-09-27 20:26:13]{"device_id":"6690100C","img_url":"http:\/\/allonyun.oss-cn-shenzhen.aliyuncs.com\/00000032\/member\/2106600236_01.jpg?OSSAccessKeyId=LTAITmpqqB8DCW0Q&Expires=3139232066&Signature=JvAFXUWoFmebLTNwjV%2F8xzAU6hg%3D","mem_age":"4","mem_hint":"&#x0057;&#x0065;&#x006C;&#x0063;&#x006F;&#x006D;&#x0065;","mem_name":"&#x718A;&#x82E5;&#x521D;","mem_no":"2106600236","mem_sex":"&#x5973;","mem_sort":"&#x60E0;&#x9E7F;&#x5E74;&#x5361;","timestamp":"1569615973","url_type":"1","sign":"3078d1539bd7ef1f11d47f45a6a59fa5"}
[2019-09-27 20:51:11]{"device_id":"66901011","img_url":"http:\/\/allonyun.oss-cn-shenzhen.aliyuncs.com\/00000032\/member\/2106600236_01.jpg?OSSAccessKeyId=LTAITmpqqB8DCW0Q&Expires=3139235062&Signature=HqZ9hpcXwtuEBZB9gl5%2FJcuIv7o%3D","mem_age":"4","mem_hint":"&#x0057;&#x0065;&#x006C;&#x0063;&#x006F;&#x006D;&#x0065;","mem_name":"&#x718A;&#x82E5;&#x521D;","mem_no":"2106600236","mem_sex":"&#x5973;","mem_sort":"&#x60E0;&#x9E7F;&#x5E74;&#x5361;","timestamp":"1569617471","url_type":"1","sign":"e690aa29475f891ada53b602b9b30641"}
