[2019-10-19 02:42:00][]
[2019-10-19 02:42:00][]
[2019-10-19 02:42:00][]
[2019-10-19 02:42:00][]
[2019-10-19 02:42:00][]
[2019-10-19 02:42:01][]
[2019-10-19 02:42:01][]
[2019-10-19 02:42:01][]
[2019-10-19 02:42:01][]
[2019-10-19 02:42:01][]
[2019-10-19 02:42:01][]
[2019-10-19 07:21:08][]
[2019-10-19 07:21:08][]
[2019-10-19 07:21:08][]
[2019-10-19 07:21:08][]
[2019-10-19 07:21:08][]
[2019-10-19 07:21:08][]
[2019-10-19 07:21:09][]
[2019-10-19 07:21:09][]
[2019-10-19 07:21:09][]
[2019-10-19 07:21:09][]
[2019-10-19 07:21:09][]
[2019-10-19 07:21:09][]
[2019-10-19 07:21:09][]
[2019-10-19 07:21:09][]
[2019-10-19 07:21:09][]
[2019-10-19 07:21:10][]
[2019-10-19 07:21:10][]
[2019-10-19 07:21:10][]
[2019-10-19 07:21:10][]
[2019-10-19 07:21:10][]
[2019-10-19 07:21:10][]
[2019-10-19 07:21:10][]
[2019-10-19 07:21:10][]
[2019-10-19 07:21:10][]
[2019-10-19 07:21:10][]
[2019-10-19 07:21:10][]
[2019-10-19 07:21:10][]
[2019-10-19 07:21:10][]
[2019-10-19 07:21:10][]
[2019-10-19 07:21:10][]
[2019-10-19 07:21:10][]
[2019-10-19 07:21:10][]
[2019-10-19 07:21:10][]
[2019-10-19 07:21:10][]
[2019-10-19 07:21:11][]
[2019-10-19 07:21:11][]
[2019-10-19 07:21:11][]
[2019-10-19 07:21:11][]
[2019-10-19 07:21:11][]
[2019-10-19 07:21:11][]
[2019-10-19 07:21:11][]
[2019-10-19 07:21:11][]
[2019-10-19 07:21:11][]
[2019-10-19 07:21:11][]
[2019-10-19 07:46:52][]
[2019-10-19 10:27:15]{"device_id":"66901011","img_url":"http:\/\/allonyun.oss-cn-shenzhen.aliyuncs.com\/00000032\/member\/2106600600_01.jpg?OSSAccessKeyId=LTAITmpqqB8DCW0Q&Expires=3142961790&Signature=BeYwFJD7j%2B0Fa%2BCylEU88AAwSug%3D","mem_age":"4","mem_hint":"&#x0057;&#x0065;&#x006C;&#x0063;&#x006F;&#x006D;&#x0065;","mem_name":"&#x5434;&#x4FCA;&#x82C7;","mem_no":"2106600600","mem_sex":"&#x7537;","mem_sort":"&#x60E0;&#x9E7F;&#x5E74;&#x5361;","timestamp":"1571480835","url_type":"1","sign":"3d1556b92a80065338dd1cf6510eac40"}
[2019-10-19 10:36:13]{"device_id":"6690100C","img_url":"http:\/\/allonyun.oss-cn-shenzhen.aliyuncs.com\/00000032\/member\/2106600201_01.jpg?OSSAccessKeyId=LTAITmpqqB8DCW0Q&Expires=3142962866&Signature=bAhXySX1b2f8dbzLA49CTRO3wec%3D","mem_age":"3","mem_hint":"&#x0057;&#x0065;&#x006C;&#x0063;&#x006F;&#x006D;&#x0065;","mem_name":"&#x6B27;&#x9633;&#x67CF;&#x6D69;&#x0031;&#x0036;&#x0032;&#x0033;","mem_no":"2106600201","mem_sex":"&#x7537;","mem_sort":"&#x60E0;&#x9E7F;&#x5E74;&#x5361;","timestamp":"1571481373","url_type":"1","sign":"edaa90ebf166a366bf52a26d41c2857e"}
[2019-10-19 11:03:20]{"device_id":"6690100C","img_url":"http:\/\/allonyun.oss-cn-shenzhen.aliyuncs.com\/00000032\/member\/2106600238_01.jpg?OSSAccessKeyId=LTAITmpqqB8DCW0Q&Expires=3142966120&Signature=1m%2FBGto%2BRVcBuEkZWdroTUVDIaE%3D","mem_age":"6","mem_hint":"&#x0057;&#x0065;&#x006C;&#x0063;&#x006F;&#x006D;&#x0065;","mem_name":"&#x7F57;&#x8D24;&#x8D5F;","mem_no":"2106600238","mem_sex":"&#x5973;","mem_sort":"&#x60E0;&#x9E7F;&#x5E74;&#x5361;","timestamp":"1571483000","url_type":"1","sign":"95bdd5731fda2613ba7e1bc4f7912f83"}
[2019-10-19 13:30:18]{"device_id":"6690100B","img_url":"http:\/\/allonyun.oss-cn-shenzhen.aliyuncs.com\/00000032\/member\/2104100752_01.jpg?OSSAccessKeyId=LTAITmpqqB8DCW0Q&Expires=3142983757&Signature=PNWWJfWGLE0quQYFTWfqwwTyGOA%3D","mem_age":"7","mem_hint":"&#x0057;&#x0065;&#x006C;&#x0063;&#x006F;&#x006D;&#x0065;","mem_name":"&#x8881;&#x5B50;&#x6668;","mem_no":"2104100752","mem_sex":"&#x5973;","mem_sort":"&#x4F1A;&#x5458;&#x5361;","timestamp":"1571491819","url_type":"1","sign":"8b6f44dc9df5fbc3f76616fd4daf2526"}
[2019-10-19 13:30:30]{"device_id":"6690100B","img_url":"http:\/\/allonyun.oss-cn-shenzhen.aliyuncs.com\/00000032\/member\/2104100752_01.jpg?OSSAccessKeyId=LTAITmpqqB8DCW0Q&Expires=3142983780&Signature=zITMwfBQA8OPwqtMK%2BCdBKFFcHM%3D","mem_age":"7","mem_hint":"&#x0057;&#x0065;&#x006C;&#x0063;&#x006F;&#x006D;&#x0065;","mem_name":"&#x8881;&#x5B50;&#x6668;","mem_no":"2104100752","mem_sex":"&#x5973;","mem_sort":"&#x4F1A;&#x5458;&#x5361;","timestamp":"1571491830","url_type":"1","sign":"e05c3d16816b127ca1656e2a487272b2"}
[2019-10-19 13:30:53]{"device_id":"6690100B","img_url":"http:\/\/allonyun.oss-cn-shenzhen.aliyuncs.com\/00000032\/member\/2104100752_01.jpg?OSSAccessKeyId=LTAITmpqqB8DCW0Q&Expires=3142983826&Signature=bjAlFVXNwxaA7R3c4Ps2EFSNvPg%3D","mem_age":"7","mem_hint":"&#x0057;&#x0065;&#x006C;&#x0063;&#x006F;&#x006D;&#x0065;","mem_name":"&#x8881;&#x5B50;&#x6668;","mem_no":"2104100752","mem_sex":"&#x5973;","mem_sort":"&#x4F1A;&#x5458;&#x5361;","timestamp":"1571491853","url_type":"1","sign":"616175c4178e1e76c5405db4c79cb1ef"}
[2019-10-19 13:33:46]{"device_id":"6690100B","img_url":"http:\/\/allonyun.oss-cn-shenzhen.aliyuncs.com\/00000032\/member\/2106600584_01.jpg?OSSAccessKeyId=LTAITmpqqB8DCW0Q&Expires=3142984172&Signature=sIuBRHH3BfnMefp82KOsGBJL5Xs%3D","mem_age":"7","mem_hint":"&#x0057;&#x0065;&#x006C;&#x0063;&#x006F;&#x006D;&#x0065;","mem_name":"&#x5434;&#x6CA3;&#x6853;","mem_no":"2106600584","mem_sex":"&#x7537;","mem_sort":"&#x5458;&#x5DE5;&#x5361;","timestamp":"1571492026","url_type":"1","sign":"0a535ff680aee576c35481e637851895"}
[2019-10-19 13:59:28]{"device_id":"6690100B","img_url":"http:\/\/allonyun.oss-cn-shenzhen.aliyuncs.com\/00000032\/member\/2106600248_01.jpg?OSSAccessKeyId=LTAITmpqqB8DCW0Q&Expires=3142987256&Signature=bWhqHMdNvT9SCqB3sJrXYhG0brg%3D","mem_age":"3","mem_hint":"&#x0057;&#x0065;&#x006C;&#x0063;&#x006F;&#x006D;&#x0065;","mem_name":"&#x90ED;&#x5B87;&#x6DB5;","mem_no":"2106600248","mem_sex":"&#x5973;","mem_sort":"&#x5458;&#x5DE5;&#x5361;","timestamp":"1571493568","url_type":"1","sign":"f3b515f0e9d7845db6880e2861eba4de"}
[2019-10-19 16:37:10]{"device_id":"6690100B","img_url":"http:\/\/allonyun.oss-cn-shenzhen.aliyuncs.com\/00000032\/member\/2104110622_01.jpg?OSSAccessKeyId=LTAITmpqqB8DCW0Q&Expires=3143006181&Signature=GtM0awMlniDHRmZudCM8gMT9KU0%3D","mem_age":"3","mem_hint":"&#x0057;&#x0065;&#x006C;&#x0063;&#x006F;&#x006D;&#x0065;","mem_name":"&#x8D75;&#x67E0;&#x516E;","mem_no":"2104110622","mem_sex":"&#x5973;","mem_sort":"&#x60E0;&#x9E7F;&#x5E74;&#x5361;","timestamp":"1571503031","url_type":"1","sign":"42b4d94f45fb85d11b0f14c4a75532a9"}
[2019-10-19 16:47:10]{"device_id":"6690100C","img_url":"http:\/\/allonyun.oss-cn-shenzhen.aliyuncs.com\/00000032\/member\/2106600230_01.jpg?OSSAccessKeyId=LTAITmpqqB8DCW0Q&Expires=3143007380&Signature=yH3eiA7WD7fNVFLXfJUxeWetzxw%3D","mem_age":"4","mem_hint":"&#x0057;&#x0065;&#x006C;&#x0063;&#x006F;&#x006D;&#x0065;","mem_name":"&#x59DC;&#x5C0F;&#x96E8;","mem_no":"2106600230","mem_sex":"&#x5973;","mem_sort":"&#x60E0;&#x9E7F;&#x5E74;&#x5361;","timestamp":"1571503630","url_type":"1","sign":"1983771b18ce7810c8ffde8ef6691879"}
[2019-10-19 18:33:37]{"device_id":"6690100C","img_url":"http:\/\/allonyun.oss-cn-shenzhen.aliyuncs.com\/00000032\/member\/2104110828_01.jpg?OSSAccessKeyId=LTAITmpqqB8DCW0Q&Expires=3143020156&Signature=BZcaXbOjh8Uw8x54sJe37%2Bh0oug%3D","mem_age":"4","mem_hint":"&#x0057;&#x0065;&#x006C;&#x0063;&#x006F;&#x006D;&#x0065;","mem_name":"&#x80E1;&#x8F69;&#x745C;","mem_no":"2104110828","mem_sex":"&#x7537;","mem_sort":"&#x60E0;&#x9E7F;&#x5E74;&#x5361;","timestamp":"1571510018","url_type":"1","sign":"887f52b5f5b97597ca61e4f8f76d6f1d"}
