[2020-05-24 04:56:42][]
[2020-05-24 04:56:42][]
[2020-05-24 04:56:42][]
[2020-05-24 04:56:42][]
[2020-05-24 04:56:43][]
[2020-05-24 04:56:43][]
[2020-05-24 04:56:43][]
[2020-05-24 04:56:43][]
[2020-05-24 04:56:43][]
[2020-05-24 04:56:43][]
[2020-05-24 04:56:43][]
[2020-05-24 10:10:06]{"device_id":"66901010","img_url":"http:\/\/allonyun.oss-cn-shenzhen.aliyuncs.com\/00000032\/member\/2113800592_01.jpg?OSSAccessKeyId=LTAITmpqqB8DCW0Q&Expires=3180630132&Signature=GDQwZ8HMmqW5y5ze8SR6hDlo9UU%3D","mem_age":"3","mem_hint":"&#x0057;&#x0065;&#x006C;&#x0063;&#x006F;&#x006D;&#x0065;","mem_name":"&#x949F;&#x946B;&#x606C;&#x0034;&#x0035;&#x0031;&#x0058;","mem_no":"2113800592","mem_sex":"&#x5973;","mem_sort":"&#x4E34;&#x65F6;&#x5361;","timestamp":"1590315006","url_type":"1","sign":"94ec4e327e6c68c8a2a51016a4793230"}
[2020-05-24 10:42:18]{"device_id":"66901010","img_url":"http:\/\/allonyun.oss-cn-shenzhen.aliyuncs.com\/00000032\/member\/2113800792_01.jpg?OSSAccessKeyId=LTAITmpqqB8DCW0Q&Expires=3180633994&Signature=Sck6RfcMAouY1PZ16NcqKeOpt2w%3D","mem_age":"4","mem_hint":"&#x0057;&#x0065;&#x006C;&#x0063;&#x006F;&#x006D;&#x0065;","mem_name":"&#x6B27;&#x9633;&#x67CF;&#x6D69;","mem_no":"2113800792","mem_sex":"&#x7537;","mem_sort":"&#x4E34;&#x65F6;&#x5361;","timestamp":"1590316937","url_type":"1","sign":"e716ef10e0763aec3b6f894ccbfd18dc"}
[2020-05-24 10:42:27]{"device_id":"66901010","img_url":"http:\/\/allonyun.oss-cn-shenzhen.aliyuncs.com\/00000032\/member\/2113800792_01.jpg?OSSAccessKeyId=LTAITmpqqB8DCW0Q&Expires=3180634014&Signature=U0pRVXP9IVMXuQYxhqHJN9UL9s0%3D","mem_age":"4","mem_hint":"&#x0057;&#x0065;&#x006C;&#x0063;&#x006F;&#x006D;&#x0065;","mem_name":"&#x6B27;&#x9633;&#x67CF;&#x6D69;","mem_no":"2113800792","mem_sex":"&#x7537;","mem_sort":"&#x4E34;&#x65F6;&#x5361;","timestamp":"1590316947","url_type":"1","sign":"2e682736fe04f8e2ff5e7be129cea49e"}
[2020-05-24 10:42:38]{"device_id":"66901010","img_url":"http:\/\/allonyun.oss-cn-shenzhen.aliyuncs.com\/00000032\/member\/2113800792_01.jpg?OSSAccessKeyId=LTAITmpqqB8DCW0Q&Expires=3180634036&Signature=DB2X%2FUulv%2B8NE%2B4%2BwcPJj%2FEO2fw%3D","mem_age":"4","mem_hint":"&#x0057;&#x0065;&#x006C;&#x0063;&#x006F;&#x006D;&#x0065;","mem_name":"&#x6B27;&#x9633;&#x67CF;&#x6D69;","mem_no":"2113800792","mem_sex":"&#x7537;","mem_sort":"&#x4E34;&#x65F6;&#x5361;","timestamp":"1590316958","url_type":"1","sign":"4be58126365f8e947fad0675759dd578"}
[2020-05-24 10:46:35]{"device_id":"66901010","img_url":"http:\/\/allonyun.oss-cn-shenzhen.aliyuncs.com\/00000032\/member\/2113800598_01.jpg?OSSAccessKeyId=LTAITmpqqB8DCW0Q&Expires=3180634510&Signature=Aw%2FqU5lgmqkC%2Fz3FbMmJESwxu80%3D","mem_age":"4","mem_hint":"&#x0057;&#x0065;&#x006C;&#x0063;&#x006F;&#x006D;&#x0065;","mem_name":"&#x9EC4;&#x5BB8;&#x777F;","mem_no":"2113800598","mem_sex":"&#x7537;","mem_sort":"&#x4E34;&#x65F6;&#x5361;","timestamp":"1590317195","url_type":"1","sign":"891f9663a051da1fe91b5b4868f6027a"}
[2020-05-24 10:46:50]{"device_id":"66901010","img_url":"http:\/\/allonyun.oss-cn-shenzhen.aliyuncs.com\/00000032\/member\/2113800598_01.jpg?OSSAccessKeyId=LTAITmpqqB8DCW0Q&Expires=3180634540&Signature=wnQ34aWDWX%2BBSVnZW%2F8hJrxb69c%3D","mem_age":"4","mem_hint":"&#x0057;&#x0065;&#x006C;&#x0063;&#x006F;&#x006D;&#x0065;","mem_name":"&#x9EC4;&#x5BB8;&#x777F;","mem_no":"2113800598","mem_sex":"&#x7537;","mem_sort":"&#x4E34;&#x65F6;&#x5361;","timestamp":"1590317210","url_type":"1","sign":"b3a84d7df6382d20e4252298efc0a981"}
[2020-05-24 12:15:29][]
[2020-05-24 12:39:56]{"device_id":"6690100C","img_url":"http:\/\/allonyun.oss-cn-shenzhen.aliyuncs.com\/00000032\/member\/2106600437_01.jpg?OSSAccessKeyId=LTAITmpqqB8DCW0Q&Expires=3180648112&Signature=Y59eEsr74ffagENIGMN5rntLPR8%3D","mem_age":"8","mem_hint":"&#x0057;&#x0065;&#x006C;&#x0063;&#x006F;&#x006D;&#x0065;","mem_name":"&#x6613;&#x5B50;&#x8F69;","mem_no":"2106600437","mem_sex":"&#x7537;","mem_sort":"&#x5458;&#x5DE5;&#x5361;","timestamp":"1590323996","url_type":"1","sign":"3d678d78cf9cf6738d9e991de7176711"}
[2020-05-24 12:40:20]{"device_id":"6690100C","img_url":"http:\/\/allonyun.oss-cn-shenzhen.aliyuncs.com\/00000032\/member\/2106600437_01.jpg?OSSAccessKeyId=LTAITmpqqB8DCW0Q&Expires=3180648160&Signature=BObA%2BD6gq1m5Yk6S%2BS6UU6Zn3YQ%3D","mem_age":"8","mem_hint":"&#x0057;&#x0065;&#x006C;&#x0063;&#x006F;&#x006D;&#x0065;","mem_name":"&#x6613;&#x5B50;&#x8F69;","mem_no":"2106600437","mem_sex":"&#x7537;","mem_sort":"&#x5458;&#x5DE5;&#x5361;","timestamp":"1590324020","url_type":"1","sign":"026984d99b01085d59ea3adee5be3177"}
[2020-05-24 13:02:34]{"device_id":"6690100C","img_url":"http:\/\/allonyun.oss-cn-shenzhen.aliyuncs.com\/00000032\/member\/2106600438_01.jpg?OSSAccessKeyId=LTAITmpqqB8DCW0Q&Expires=3180650828&Signature=n5To9avtQ0k7pozcyxCYBEFnBqA%3D","mem_age":"11","mem_hint":"&#x0057;&#x0065;&#x006C;&#x0063;&#x006F;&#x006D;&#x0065;","mem_name":"&#x6613;&#x5B50;&#x8C6A;","mem_no":"2106600438","mem_sex":"&#x7537;","mem_sort":"&#x5458;&#x5DE5;&#x5361;","timestamp":"1590325354","url_type":"1","sign":"66c8c516dcbb7b0b3f4e3b7182c48e78"}
[2020-05-24 13:21:09][]
[2020-05-24 13:21:09][]
[2020-05-24 13:21:09][]
[2020-05-24 13:21:09][]
[2020-05-24 13:21:09][]
[2020-05-24 13:21:09][]
[2020-05-24 13:21:09][]
[2020-05-24 13:21:09][]
[2020-05-24 13:21:10][]
[2020-05-24 13:21:10][]
[2020-05-24 13:21:10][]
[2020-05-24 14:16:14]{"device_id":"66901010","img_url":"http:\/\/allonyun.oss-cn-shenzhen.aliyuncs.com\/00000032\/member\/2113800791_01.jpg?OSSAccessKeyId=LTAITmpqqB8DCW0Q&Expires=3180659668&Signature=tUe8WBg8g8hI2XlYliKHlwsf31A%3D","mem_age":"5","mem_hint":"&#x0057;&#x0065;&#x006C;&#x0063;&#x006F;&#x006D;&#x0065;","mem_name":"&#x59DA;&#x94B0;&#x6DB5;","mem_no":"2113800791","mem_sex":"&#x5973;","mem_sort":"&#x4E34;&#x65F6;&#x5361;","timestamp":"1590329774","url_type":"1","sign":"19709e5a1ea08b9e34cf265396dd2d01"}
[2020-05-24 14:16:43]{"device_id":"66901010","img_url":"http:\/\/allonyun.oss-cn-shenzhen.aliyuncs.com\/00000032\/member\/2113800791_01.jpg?OSSAccessKeyId=LTAITmpqqB8DCW0Q&Expires=3180659724&Signature=UISY46TY2oX2Vrgwdsc3QRoKmJo%3D","mem_age":"5","mem_hint":"&#x0057;&#x0065;&#x006C;&#x0063;&#x006F;&#x006D;&#x0065;","mem_name":"&#x59DA;&#x94B0;&#x6DB5;","mem_no":"2113800791","mem_sex":"&#x5973;","mem_sort":"&#x4E34;&#x65F6;&#x5361;","timestamp":"1590329802","url_type":"1","sign":"8cb194d21f149e2a0ff64d91c67eb094"}
[2020-05-24 14:17:07]{"device_id":"66901010","img_url":"http:\/\/allonyun.oss-cn-shenzhen.aliyuncs.com\/00000032\/member\/2113800578_01.jpg?OSSAccessKeyId=LTAITmpqqB8DCW0Q&Expires=3180659774&Signature=SbQfe6CBrqsKF1Dj9B6zihEuSOw%3D","mem_age":"4","mem_hint":"&#x0057;&#x0065;&#x006C;&#x0063;&#x006F;&#x006D;&#x0065;","mem_name":"&#x9EC4;&#x4F0A;&#x4E00;&#x0030;&#x0034;&#x0031;&#x0032;","mem_no":"2113800578","mem_sex":"&#x5973;","mem_sort":"&#x4E34;&#x65F6;&#x5361;","timestamp":"1590329827","url_type":"1","sign":"55e5bd52fdaa7da668b919ce87d2b9ed"}
[2020-05-24 14:20:01][]
[2020-05-24 14:20:01][]
[2020-05-24 14:20:01][]
[2020-05-24 14:20:01][]
[2020-05-24 14:20:01][]
[2020-05-24 14:20:01][]
[2020-05-24 14:20:01][]
[2020-05-24 14:20:02][]
[2020-05-24 14:20:02][]
[2020-05-24 14:20:02][]
[2020-05-24 14:20:02][]
[2020-05-24 15:10:13]{"device_id":"66901010","img_url":"http:\/\/allonyun.oss-cn-shenzhen.aliyuncs.com\/00000032\/member\/2113800587_01.jpg?OSSAccessKeyId=LTAITmpqqB8DCW0Q&Expires=3180666144&Signature=tMBMoV9ZpKcUABE7YBVHiMj4ZW4%3D","mem_age":"2","mem_hint":"&#x0057;&#x0065;&#x006C;&#x0063;&#x006F;&#x006D;&#x0065;","mem_name":"&#x9648;&#x6C90;&#x884D;","mem_no":"2113800587","mem_sex":"&#x7537;","mem_sort":"&#x4E34;&#x65F6;&#x5361;","timestamp":"1590333012","url_type":"1","sign":"e7a278d07aa1b9ff6968c1637cd20102"}
[2020-05-24 15:15:08]{"device_id":"66901010","img_url":"http:\/\/allonyun.oss-cn-shenzhen.aliyuncs.com\/00000032\/member\/2113800576_01.jpg?OSSAccessKeyId=LTAITmpqqB8DCW0Q&Expires=3180666736&Signature=w2qDQs1Z4e%2FpyONFntmpM1IW7Ms%3D","mem_age":"2","mem_hint":"&#x0057;&#x0065;&#x006C;&#x0063;&#x006F;&#x006D;&#x0065;","mem_name":"&#x949F;&#x4E4B;&#x8D3A;","mem_no":"2113800576","mem_sex":"&#x5973;","mem_sort":"&#x4E34;&#x65F6;&#x5361;","timestamp":"1590333308","url_type":"1","sign":"9b840eb19bc94ddd42f7ff6651a8af52"}
[2020-05-24 15:50:30]{"device_id":"66901010","img_url":"http:\/\/allonyun.oss-cn-shenzhen.aliyuncs.com\/00000032\/member\/2113800788_01.jpg?OSSAccessKeyId=LTAITmpqqB8DCW0Q&Expires=3180670980&Signature=VOUAYAV%2FphYMZjDDE6hNHhICqUw%3D","mem_age":"3","mem_hint":"&#x0057;&#x0065;&#x006C;&#x0063;&#x006F;&#x006D;&#x0065;","mem_name":"&#x674E;&#x598D;&#x6625;","mem_no":"2113800788","mem_sex":"&#x5973;","mem_sort":"&#x4E34;&#x65F6;&#x5361;","timestamp":"1590335430","url_type":"1","sign":"e2c29e1d6d18db51ca71f19ec7fc7fdf"}
[2020-05-24 16:03:52][]
[2020-05-24 16:03:52][]
[2020-05-24 16:03:52][]
[2020-05-24 16:03:52][]
[2020-05-24 16:03:52][]
[2020-05-24 16:03:52][]
[2020-05-24 16:03:52][]
[2020-05-24 16:03:52][]
[2020-05-24 16:03:53][]
[2020-05-24 16:03:53][]
[2020-05-24 16:03:53][]
[2020-05-24 16:39:01]{"device_id":"6690100C","img_url":"http:\/\/allonyun.oss-cn-shenzhen.aliyuncs.com\/00000032\/member\/2113800595_01.jpg?OSSAccessKeyId=LTAITmpqqB8DCW0Q&Expires=3180676802&Signature=vsM2eHNYb7tcmYxEmFfvT4o%2BMKQ%3D","mem_age":"4","mem_hint":"&#x0057;&#x0065;&#x006C;&#x0063;&#x006F;&#x006D;&#x0065;","mem_name":"&#x80E1;&#x8C26;&#x8C26;","mem_no":"2113800595","mem_sex":"&#x7537;","mem_sort":"&#x4E34;&#x65F6;&#x5361;","timestamp":"1590338341","url_type":"1","sign":"16422142622440faed7c09852730dcb8"}
[2020-05-24 16:43:23]{"device_id":"66901010","img_url":"http:\/\/allonyun.oss-cn-shenzhen.aliyuncs.com\/00000032\/member\/2113800581_01.jpg?OSSAccessKeyId=LTAITmpqqB8DCW0Q&Expires=3180677326&Signature=6L5qe47EhzlcLSU1%2FD4WgTAmzP0%3D","mem_age":"1","mem_hint":"&#x0057;&#x0065;&#x006C;&#x0063;&#x006F;&#x006D;&#x0065;","mem_name":"&#x5F6D;&#x6069;&#x5FBD;","mem_no":"2113800581","mem_sex":"&#x7537;","mem_sort":"&#x4E34;&#x65F6;&#x5361;","timestamp":"1590338603","url_type":"1","sign":"e698eb8335207a08dd7c5d12329d9c84"}
[2020-05-24 16:47:12]{"device_id":"66901010","img_url":"http:\/\/allonyun.oss-cn-shenzhen.aliyuncs.com\/00000032\/member\/2113800586_01.jpg?OSSAccessKeyId=LTAITmpqqB8DCW0Q&Expires=3180677784&Signature=%2B%2FJrvAXXnQ1pNVrTuVhVIrh92hA%3D","mem_age":"3","mem_hint":"&#x0057;&#x0065;&#x006C;&#x0063;&#x006F;&#x006D;&#x0065;","mem_name":"&#x9F99;&#x59FF;&#x8A00;","mem_no":"2113800586","mem_sex":"&#x5973;","mem_sort":"&#x4E34;&#x65F6;&#x5361;","timestamp":"1590338832","url_type":"1","sign":"518650f588ca0c4dbbef3911371d93c6"}
[2020-05-24 16:47:18]{"device_id":"66901010","img_url":"http:\/\/allonyun.oss-cn-shenzhen.aliyuncs.com\/00000032\/member\/2113800586_01.jpg?OSSAccessKeyId=LTAITmpqqB8DCW0Q&Expires=3180677796&Signature=lQnE5Pz%2BgGVxU5TuEHFENpa83ZM%3D","mem_age":"3","mem_hint":"&#x0057;&#x0065;&#x006C;&#x0063;&#x006F;&#x006D;&#x0065;","mem_name":"&#x9F99;&#x59FF;&#x8A00;","mem_no":"2113800586","mem_sex":"&#x5973;","mem_sort":"&#x4E34;&#x65F6;&#x5361;","timestamp":"1590338838","url_type":"1","sign":"ec0b51f80741ab9671df9e77112234e7"}
[2020-05-24 17:01:01][]
[2020-05-24 17:01:01][]
[2020-05-24 17:01:01][]
[2020-05-24 17:01:01][]
[2020-05-24 17:01:01][]
[2020-05-24 17:01:01][]
[2020-05-24 17:01:01][]
[2020-05-24 17:01:01][]
[2020-05-24 17:01:01][]
[2020-05-24 17:01:02][]
[2020-05-24 17:01:02][]
[2020-05-24 17:05:26][]
[2020-05-24 17:05:26][]
[2020-05-24 17:05:26][]
[2020-05-24 17:05:26][]
[2020-05-24 17:05:26][]
[2020-05-24 17:05:26][]
[2020-05-24 17:05:26][]
[2020-05-24 17:05:26][]
[2020-05-24 17:05:26][]
[2020-05-24 17:05:26][]
[2020-05-24 17:05:26][]
[2020-05-24 18:14:22]{"device_id":"66901010","img_url":"http:\/\/allonyun.oss-cn-shenzhen.aliyuncs.com\/00000032\/member\/2113800575_01.jpg?OSSAccessKeyId=LTAITmpqqB8DCW0Q&Expires=3180688244&Signature=zenJjkUHwp6fJ6YXAM4o8dNr2tk%3D","mem_age":"4","mem_hint":"&#x0057;&#x0065;&#x006C;&#x0063;&#x006F;&#x006D;&#x0065;","mem_name":"&#x9122;&#x6C90;&#x8FB0;","mem_no":"2113800575","mem_sex":"&#x5973;","mem_sort":"&#x4E34;&#x65F6;&#x5361;","timestamp":"1590344062","url_type":"1","sign":"03286bbdd46538fc3fceeb1f9760f8b5"}
[2020-05-24 18:14:40]{"device_id":"66901010","img_url":"http:\/\/allonyun.oss-cn-shenzhen.aliyuncs.com\/00000032\/member\/2113800575_01.jpg?OSSAccessKeyId=LTAITmpqqB8DCW0Q&Expires=3180688280&Signature=lqnj8f61%2FkkATBLGPeqeQ3knjAs%3D","mem_age":"4","mem_hint":"&#x0057;&#x0065;&#x006C;&#x0063;&#x006F;&#x006D;&#x0065;","mem_name":"&#x9122;&#x6C90;&#x8FB0;","mem_no":"2113800575","mem_sex":"&#x5973;","mem_sort":"&#x4E34;&#x65F6;&#x5361;","timestamp":"1590344080","url_type":"1","sign":"ae40e1f132b28a6232abb876bdcca87b"}
[2020-05-24 18:38:02][]
[2020-05-24 18:38:02][]
[2020-05-24 18:38:02][]
[2020-05-24 18:38:02][]
[2020-05-24 18:38:02][]
[2020-05-24 18:38:02][]
[2020-05-24 18:38:02][]
[2020-05-24 18:38:03][]
[2020-05-24 18:38:03][]
[2020-05-24 18:38:03][]
[2020-05-24 18:38:03][]
[2020-05-24 18:48:24]{"device_id":"66901010","img_url":"http:\/\/allonyun.oss-cn-shenzhen.aliyuncs.com\/00000032\/member\/2113800596_01.jpg?OSSAccessKeyId=LTAITmpqqB8DCW0Q&Expires=3180692328&Signature=nVCTjR2KuutokQlV6uSD%2FGmwWbw%3D","mem_age":"4","mem_hint":"&#x0057;&#x0065;&#x006C;&#x0063;&#x006F;&#x006D;&#x0065;","mem_name":"&#x59DC;&#x83B1;","mem_no":"2113800596","mem_sex":"&#x7537;","mem_sort":"&#x4E34;&#x65F6;&#x5361;","timestamp":"1590346104","url_type":"1","sign":"e121a12dc7df435a0ad76c5a25aa0be1"}
[2020-05-24 19:00:42][]
[2020-05-24 19:00:42][]
[2020-05-24 19:00:42][]
[2020-05-24 19:00:42][]
[2020-05-24 19:00:42][]
[2020-05-24 19:00:42][]
[2020-05-24 19:00:43][]
[2020-05-24 19:00:43][]
[2020-05-24 19:00:43][]
[2020-05-24 19:00:43][]
[2020-05-24 19:00:43][]
[2020-05-24 19:06:03][]
[2020-05-24 19:06:03][]
[2020-05-24 19:06:03][]
[2020-05-24 19:06:03][]
[2020-05-24 19:06:03][]
[2020-05-24 19:06:03][]
[2020-05-24 19:06:03][]
[2020-05-24 19:06:04][]
[2020-05-24 19:06:04][]
[2020-05-24 19:06:04][]
[2020-05-24 19:06:04][]
[2020-05-24 19:38:05]{"device_id":"66901010","img_url":"http:\/\/allonyun.oss-cn-shenzhen.aliyuncs.com\/00000032\/member\/2113800579_01.jpg?OSSAccessKeyId=LTAITmpqqB8DCW0Q&Expires=3180698290&Signature=Rs51N0Nh%2Bb8FRi4V3RHoUbcgcz4%3D","mem_age":"2","mem_hint":"&#x0057;&#x0065;&#x006C;&#x0063;&#x006F;&#x006D;&#x0065;","mem_name":"&#x738B;&#x5409;&#x9716;","mem_no":"2113800579","mem_sex":"&#x7537;","mem_sort":"&#x4E34;&#x65F6;&#x5361;","timestamp":"1590349085","url_type":"1","sign":"3efd3c4121c6db2fa14bcd9df120ca8d"}
[2020-05-24 19:44:11][]
[2020-05-24 19:44:11][]
[2020-05-24 19:44:11][]
[2020-05-24 19:44:11][]
[2020-05-24 19:44:11][]
[2020-05-24 19:44:11][]
[2020-05-24 19:44:11][]
[2020-05-24 19:44:12][]
[2020-05-24 19:44:12][]
[2020-05-24 19:44:12][]
[2020-05-24 19:44:12][]
[2020-05-24 19:56:21][]
[2020-05-24 19:56:22][]
[2020-05-24 19:56:22][]
[2020-05-24 19:56:22][]
[2020-05-24 19:56:22][]
[2020-05-24 19:56:22][]
[2020-05-24 19:56:22][]
[2020-05-24 19:56:22][]
[2020-05-24 19:56:23][]
[2020-05-24 19:56:23][]
[2020-05-24 19:56:23][]
[2020-05-24 20:07:35][]
[2020-05-24 20:07:35][]
[2020-05-24 20:07:35][]
[2020-05-24 20:07:35][]
[2020-05-24 20:07:35][]
[2020-05-24 20:07:35][]
[2020-05-24 20:07:35][]
[2020-05-24 20:07:35][]
[2020-05-24 20:07:36][]
[2020-05-24 20:07:36][]
[2020-05-24 20:07:36][]
[2020-05-24 20:15:00][]
[2020-05-24 20:15:00][]
[2020-05-24 20:15:00][]
[2020-05-24 20:15:00][]
[2020-05-24 20:15:00][]
[2020-05-24 20:15:00][]
[2020-05-24 20:15:01][]
[2020-05-24 20:15:01][]
[2020-05-24 20:15:01][]
[2020-05-24 20:15:01][]
[2020-05-24 20:15:01][]
[2020-05-24 20:15:29][]
[2020-05-24 20:15:29][]
[2020-05-24 20:15:29][]
[2020-05-24 20:15:29][]
[2020-05-24 20:15:29][]
[2020-05-24 20:15:29][]
[2020-05-24 20:15:29][]
[2020-05-24 20:15:29][]
[2020-05-24 20:15:29][]
[2020-05-24 20:15:29][]
[2020-05-24 20:15:29][]
