[2019-09-25 12:24:19][]
[2019-09-25 13:44:41][]
[2019-09-25 18:32:29]{"device_id":"6690100B","img_url":"http:\/\/allonyun.oss-cn-shenzhen.aliyuncs.com\/00000032\/member\/2106600232_01.jpg?OSSAccessKeyId=LTAITmpqqB8DCW0Q&Expires=3138872818&Signature=POwlEIJMasQEBQCLUHs0uxF0ubU%3D","mem_age":"5","mem_hint":"&#x0057;&#x0065;&#x006C;&#x0063;&#x006F;&#x006D;&#x0065;","mem_name":"&#x9F99;&#x601D;&#x4F2F;&#x0037;&#x0032;&#x0032;&#x0039;","mem_no":"2106600232","mem_sex":"&#x7537;","mem_sort":"&#x60E0;&#x9E7F;&#x5E74;&#x5361;","timestamp":"1569436349","url_type":"1","sign":"7717abcac4d16060426a9e02c0417fc7"}
[2019-09-25 18:43:48]{"device_id":"66901011","img_url":"http:\/\/allonyun.oss-cn-shenzhen.aliyuncs.com\/00000032\/member\/2104107811_01.jpg?OSSAccessKeyId=LTAITmpqqB8DCW0Q&Expires=3138874176&Signature=nYnfyI5hwhOkxfjlIYClBcYatEU%3D","mem_age":"2","mem_hint":"&#x0057;&#x0065;&#x006C;&#x0063;&#x006F;&#x006D;&#x0065;","mem_name":"&#x9EC4;&#x88D4;&#x68E0;&#x0030;&#x0034;&#x0038;&#x0037;","mem_no":"2104107811","mem_sex":"&#x7537;","mem_sort":"&#x4F1A;&#x5458;&#x5361;","timestamp":"1569437028","url_type":"1","sign":"74b819ab973a44045fb3525d4a2f7d16"}
[2019-09-25 19:24:25]{"device_id":"6690100B","img_url":"http:\/\/allonyun.oss-cn-shenzhen.aliyuncs.com\/00000032\/member\/2106600247_01.jpg?OSSAccessKeyId=LTAITmpqqB8DCW0Q&Expires=3138879048&Signature=u75NvMzRRJocs%2B10L71nErO1HiA%3D","mem_age":"2","mem_hint":"&#x0057;&#x0065;&#x006C;&#x0063;&#x006F;&#x006D;&#x0065;","mem_name":"&#x8C2D;&#x6DB5;&#x6708;","mem_no":"2106600247","mem_sex":"&#x5973;","mem_sort":"&#x60E0;&#x9E7F;&#x5E74;&#x5361;","timestamp":"1569439464","url_type":"1","sign":"7d0b76a24a4a6d20ce6cb6ad8bb331fa"}
[2019-09-25 19:25:09]{"device_id":"6690100B","img_url":"http:\/\/allonyun.oss-cn-shenzhen.aliyuncs.com\/00000032\/member\/2106600250_01.jpg?OSSAccessKeyId=LTAITmpqqB8DCW0Q&Expires=3138879136&Signature=qDeKOtRPU6sNXOZtI%2FdvjjvSXWQ%3D","mem_age":"3","mem_hint":"&#x0057;&#x0065;&#x006C;&#x0063;&#x006F;&#x006D;&#x0065;","mem_name":"&#x675C;&#x5B9D;&#x5B9D;","mem_no":"2106600250","mem_sex":"&#x7537;","mem_sort":"&#x60E0;&#x9E7F;&#x5E74;&#x5361;","timestamp":"1569439508","url_type":"1","sign":"850c58a642ed32b1dc8d3f85f00c536f"}
[2019-09-25 19:45:30]{"device_id":"6690100C","img_url":"http:\/\/allonyun.oss-cn-shenzhen.aliyuncs.com\/00000032\/member\/2106600588_01.jpg?OSSAccessKeyId=LTAITmpqqB8DCW0Q&Expires=3138881580&Signature=pG9ByFv0VPwwEJagMXLD%2Fz0e5do%3D","mem_age":"10","mem_hint":"&#x0057;&#x0065;&#x006C;&#x0063;&#x006F;&#x006D;&#x0065;","mem_name":"&#x5510;&#x96E8;&#x831C;","mem_no":"2106600588","mem_sex":"&#x5973;","mem_sort":"&#x5458;&#x5DE5;&#x5361;","timestamp":"1569440730","url_type":"1","sign":"879cf0134a77a0597b192d960e15568f"}
[2019-09-25 19:45:39]{"device_id":"6690100C","img_url":"http:\/\/allonyun.oss-cn-shenzhen.aliyuncs.com\/00000032\/member\/2106600587_01.jpg?OSSAccessKeyId=LTAITmpqqB8DCW0Q&Expires=3138881596&Signature=7grmAoOsjmxqtBFDiBJRXjfbvi4%3D","mem_age":"6","mem_hint":"&#x0057;&#x0065;&#x006C;&#x0063;&#x006F;&#x006D;&#x0065;","mem_name":"&#x5510;&#x9038;&#x8F69;","mem_no":"2106600587","mem_sex":"&#x7537;","mem_sort":"&#x5458;&#x5DE5;&#x5361;","timestamp":"1569440738","url_type":"1","sign":"60b0aeefaa75de4d370d5a155705d73b"}
[2019-09-25 19:47:00]{"device_id":"6690100C","img_url":"http:\/\/allonyun.oss-cn-shenzhen.aliyuncs.com\/00000032\/member\/2106600587_01.jpg?OSSAccessKeyId=LTAITmpqqB8DCW0Q&Expires=3138881760&Signature=eC9nXCxB6oBih8NZmQ4%2BjL8D64M%3D","mem_age":"6","mem_hint":"&#x0057;&#x0065;&#x006C;&#x0063;&#x006F;&#x006D;&#x0065;","mem_name":"&#x5510;&#x9038;&#x8F69;","mem_no":"2106600587","mem_sex":"&#x7537;","mem_sort":"&#x5458;&#x5DE5;&#x5361;","timestamp":"1569440820","url_type":"1","sign":"8b7fde6c7fd7e439ba9e226df23f6a54"}
[2019-09-25 19:55:46]{"device_id":"66901011","img_url":"http:\/\/allonyun.oss-cn-shenzhen.aliyuncs.com\/00000032\/member\/2104110622_01.jpg?OSSAccessKeyId=LTAITmpqqB8DCW0Q&Expires=3138882812&Signature=XwccX1p0o854IE5qnYF%2BJAy7vf8%3D","mem_age":"3","mem_hint":"&#x0057;&#x0065;&#x006C;&#x0063;&#x006F;&#x006D;&#x0065;","mem_name":"&#x8D75;&#x67E0;&#x516E;","mem_no":"2104110622","mem_sex":"&#x5973;","mem_sort":"&#x60E0;&#x9E7F;&#x5E74;&#x5361;","timestamp":"1569441346","url_type":"1","sign":"568512381410343d33cd12f89fb9d69e"}
[2019-09-25 19:56:34]{"device_id":"66901011","img_url":"http:\/\/allonyun.oss-cn-shenzhen.aliyuncs.com\/00000032\/member\/2104110622_01.jpg?OSSAccessKeyId=LTAITmpqqB8DCW0Q&Expires=3138882908&Signature=JxaCUk71dl%2BTJd61tj2l4R47%2FD4%3D","mem_age":"3","mem_hint":"&#x0057;&#x0065;&#x006C;&#x0063;&#x006F;&#x006D;&#x0065;","mem_name":"&#x8D75;&#x67E0;&#x516E;","mem_no":"2104110622","mem_sex":"&#x5973;","mem_sort":"&#x60E0;&#x9E7F;&#x5E74;&#x5361;","timestamp":"1569441394","url_type":"1","sign":"ce4d6013c1ee6934bb13276431e960eb"}
[2019-09-25 20:22:46]{"device_id":"6690100C","img_url":"http:\/\/allonyun.oss-cn-shenzhen.aliyuncs.com\/00000032\/member\/2106600236_01.jpg?OSSAccessKeyId=LTAITmpqqB8DCW0Q&Expires=3138886052&Signature=HuCk41W8tB%2F4VL7mmRR%2By%2BcS7lo%3D","mem_age":"4","mem_hint":"&#x0057;&#x0065;&#x006C;&#x0063;&#x006F;&#x006D;&#x0065;","mem_name":"&#x718A;&#x82E5;&#x521D;","mem_no":"2106600236","mem_sex":"&#x5973;","mem_sort":"&#x60E0;&#x9E7F;&#x5E74;&#x5361;","timestamp":"1569442966","url_type":"1","sign":"2abc56f175381d45b8422eb65d1a45a0"}
[2019-09-25 22:09:04][]
[2019-09-25 22:09:05][]
[2019-09-25 22:09:05][]
[2019-09-25 22:09:05][]
[2019-09-25 22:09:05][]
[2019-09-25 22:09:05][]
[2019-09-25 22:09:05][]
[2019-09-25 22:09:05][]
[2019-09-25 22:09:05][]
[2019-09-25 22:09:05][]
[2019-09-25 22:09:05][]
