[2020-05-19 01:01:11][]
[2020-05-19 02:59:30][]
[2020-05-19 02:59:36][]
[2020-05-19 02:59:41][]
[2020-05-19 03:00:18][]
[2020-05-19 03:00:29][]
[2020-05-19 03:00:47][]
[2020-05-19 03:05:31][]
[2020-05-19 03:05:31][]
[2020-05-19 03:05:31][]
[2020-05-19 03:05:31][]
[2020-05-19 03:05:46][]
[2020-05-19 07:54:56][]
[2020-05-19 12:42:13]{"device_id":"6690100C","img_url":"http:\/\/allonyun.oss-cn-shenzhen.aliyuncs.com\/00000032\/member\/2113800587_01.jpg?OSSAccessKeyId=LTAITmpqqB8DCW0Q&Expires=3179784386&Signature=uAOapw7g9KZb%2Bp3ODqUsLo7yOis%3D","mem_age":"2","mem_hint":"&#x0057;&#x0065;&#x006C;&#x0063;&#x006F;&#x006D;&#x0065;","mem_name":"&#x9648;&#x6C90;&#x884D;","mem_no":"2113800587","mem_sex":"&#x7537;","mem_sort":"&#x4E34;&#x65F6;&#x5361;","timestamp":"1589892133","url_type":"1","sign":"d45a987e1707090d4eb73cd3c0692e95"}
[2020-05-19 12:44:57]{"device_id":"6690100C","img_url":"http:\/\/allonyun.oss-cn-shenzhen.aliyuncs.com\/00000032\/member\/2113800587_01.jpg?OSSAccessKeyId=LTAITmpqqB8DCW0Q&Expires=3179784714&Signature=1%2FYEASUJ8IvUqfl9zZFr2Bmd7hY%3D","mem_age":"2","mem_hint":"&#x0057;&#x0065;&#x006C;&#x0063;&#x006F;&#x006D;&#x0065;","mem_name":"&#x9648;&#x6C90;&#x884D;","mem_no":"2113800587","mem_sex":"&#x7537;","mem_sort":"&#x4E34;&#x65F6;&#x5361;","timestamp":"1589892297","url_type":"1","sign":"2719f9976a30ddec526dc29f04ec7bfb"}
[2020-05-19 12:45:16]{"device_id":"6690100C","img_url":"http:\/\/allonyun.oss-cn-shenzhen.aliyuncs.com\/00000032\/member\/2113800587_01.jpg?OSSAccessKeyId=LTAITmpqqB8DCW0Q&Expires=3179784752&Signature=9X0B6idb%2FRWknpmE4Xb5M7S09Zk%3D","mem_age":"2","mem_hint":"&#x0057;&#x0065;&#x006C;&#x0063;&#x006F;&#x006D;&#x0065;","mem_name":"&#x9648;&#x6C90;&#x884D;","mem_no":"2113800587","mem_sex":"&#x7537;","mem_sort":"&#x4E34;&#x65F6;&#x5361;","timestamp":"1589892316","url_type":"1","sign":"931f11f500ac62f61e39ecab72910569"}
[2020-05-19 13:00:04][]
[2020-05-19 13:29:23]{"device_id":"6690100C","img_url":"http:\/\/allonyun.oss-cn-shenzhen.aliyuncs.com\/00000032\/member\/2106600591_01.jpg?OSSAccessKeyId=LTAITmpqqB8DCW0Q&Expires=3179790046&Signature=5ORFcVXf1A0jkhPCrCohpM4pmJE%3D","mem_age":"4","mem_hint":"&#x0057;&#x0065;&#x006C;&#x0063;&#x006F;&#x006D;&#x0065;","mem_name":"&#x5434;&#x4FCA;&#x8D24;","mem_no":"2106600591","mem_sex":"&#x7537;","mem_sort":"&#x5458;&#x5DE5;&#x5361;","timestamp":"1589894963","url_type":"1","sign":"b146e8dbc363b4b9780f377e1e0cffe4"}
[2020-05-19 13:33:56]{"device_id":"6690100C","img_url":"http:\/\/allonyun.oss-cn-shenzhen.aliyuncs.com\/00000032\/member\/2113800587_01.jpg?OSSAccessKeyId=LTAITmpqqB8DCW0Q&Expires=3179790591&Signature=uyC2DvimHRXHqjEG8Z8hNtLdJok%3D","mem_age":"2","mem_hint":"&#x0057;&#x0065;&#x006C;&#x0063;&#x006F;&#x006D;&#x0065;","mem_name":"&#x9648;&#x6C90;&#x884D;","mem_no":"2113800587","mem_sex":"&#x7537;","mem_sort":"&#x4E34;&#x65F6;&#x5361;","timestamp":"1589895236","url_type":"1","sign":"1fe8efec2f6a802043b245c49919a5cb"}
[2020-05-19 14:27:43]{"device_id":"66901010","img_url":"http:\/\/allonyun.oss-cn-shenzhen.aliyuncs.com\/00000032\/member\/2113800576_01.jpg?OSSAccessKeyId=LTAITmpqqB8DCW0Q&Expires=3179797046&Signature=04NqC1DZjB3aKuth7R%2FAikSTozw%3D","mem_age":"2","mem_hint":"&#x0057;&#x0065;&#x006C;&#x0063;&#x006F;&#x006D;&#x0065;","mem_name":"&#x949F;&#x4E4B;&#x8D3A;","mem_no":"2113800576","mem_sex":"&#x5973;","mem_sort":"&#x4E34;&#x65F6;&#x5361;","timestamp":"1589898463","url_type":"1","sign":"601058ac9d45c39fa3e434ba62dab1b1"}
[2020-05-19 14:49:08]{"device_id":"66901010","img_url":"http:\/\/allonyun.oss-cn-shenzhen.aliyuncs.com\/00000032\/member\/2113800584_01.jpg?OSSAccessKeyId=LTAITmpqqB8DCW0Q&Expires=3179799614&Signature=bhk5wynrVu7HM6ygAAqjCZQaFo0%3D","mem_age":"0","mem_hint":"&#x0057;&#x0065;&#x006C;&#x0063;&#x006F;&#x006D;&#x0065;","mem_name":"&#x738B;&#x6893;&#x742A;","mem_no":"2113800584","mem_sex":"&#x5973;","mem_sort":"&#x4E34;&#x65F6;&#x5361;","timestamp":"1589899747","url_type":"1","sign":"79015bc2ce6a0c9839ce59a2be0ac12c"}
[2020-05-19 16:03:44]{"device_id":"66901010","img_url":"http:\/\/allonyun.oss-cn-shenzhen.aliyuncs.com\/00000032\/member\/2113800588_01.jpg?OSSAccessKeyId=LTAITmpqqB8DCW0Q&Expires=3179808566&Signature=X%2F%2FFDHwf6%2F4p9c11z0UGs8QtX7U%3D","mem_age":"2","mem_hint":"&#x0057;&#x0065;&#x006C;&#x0063;&#x006F;&#x006D;&#x0065;","mem_name":"&#x6BB7;&#x6C90;&#x6668;","mem_no":"2113800588","mem_sex":"&#x5973;","mem_sort":"&#x4E34;&#x65F6;&#x5361;","timestamp":"1589904223","url_type":"1","sign":"ee7468c82f38230b3dd6d528d67bcc67"}
[2020-05-19 16:23:46]{"device_id":"66901010","img_url":"http:\/\/allonyun.oss-cn-shenzhen.aliyuncs.com\/00000032\/member\/2104122138_01.jpg?OSSAccessKeyId=LTAITmpqqB8DCW0Q&Expires=3179810972&Signature=zmOBa3h8rNIIWuJlUTiSMqqGP2s%3D","mem_age":"0","mem_hint":"&#x0057;&#x0065;&#x006C;&#x0063;&#x006F;&#x006D;&#x0065;","mem_name":"&#x65BD;&#x68E0;&#x516E;&#x0032;&#x0038;&#x0032;&#x0032;","mem_no":"2104122138","mem_sex":"&#x5973;","mem_sort":"&#x4E34;&#x65F6;&#x5361;","timestamp":"1589905426","url_type":"1","sign":"519223868575184061305104083fd3ca"}
[2020-05-19 16:39:02]{"device_id":"66901010","img_url":"http:\/\/allonyun.oss-cn-shenzhen.aliyuncs.com\/00000032\/member\/2113800596_01.jpg?OSSAccessKeyId=LTAITmpqqB8DCW0Q&Expires=3179812802&Signature=b34qDMi%2BQ265fX34SkZCCWSv%2BR0%3D","mem_age":"4","mem_hint":"&#x0057;&#x0065;&#x006C;&#x0063;&#x006F;&#x006D;&#x0065;","mem_name":"&#x59DC;&#x83B1;","mem_no":"2113800596","mem_sex":"&#x7537;","mem_sort":"&#x4E34;&#x65F6;&#x5361;","timestamp":"1589906341","url_type":"1","sign":"f709848345fd6fc13edbc31ee20a1086"}
[2020-05-19 19:31:24]{"device_id":"66901010","img_url":"http:\/\/allonyun.oss-cn-shenzhen.aliyuncs.com\/00000032\/member\/2113800582_01.jpg?OSSAccessKeyId=LTAITmpqqB8DCW0Q&Expires=3179833487&Signature=wRjjlD5oDwadvkXkA4IejDdgQ6o%3D","mem_age":"4","mem_hint":"&#x0057;&#x0065;&#x006C;&#x0063;&#x006F;&#x006D;&#x0065;","mem_name":"&#x738B;&#x7A0B;&#x660E;","mem_no":"2113800582","mem_sex":"&#x7537;","mem_sort":"&#x4E34;&#x65F6;&#x5361;","timestamp":"1589916684","url_type":"1","sign":"70e7b64d7fad5d1a1c006911d768cb0e"}
[2020-05-19 19:49:39]{"device_id":"66901010","img_url":"http:\/\/allonyun.oss-cn-shenzhen.aliyuncs.com\/00000032\/member\/2113800579_01.jpg?OSSAccessKeyId=LTAITmpqqB8DCW0Q&Expires=3179835678&Signature=9eiuuJDWN4xRZR2nhtQBDx9lwWM%3D","mem_age":"2","mem_hint":"&#x0057;&#x0065;&#x006C;&#x0063;&#x006F;&#x006D;&#x0065;","mem_name":"&#x738B;&#x5409;&#x9716;","mem_no":"2113800579","mem_sex":"&#x7537;","mem_sort":"&#x4E34;&#x65F6;&#x5361;","timestamp":"1589917779","url_type":"1","sign":"fae8864bc14547604a358780c7c4d9e8"}
