[2020-06-02 04:58:45][]
[2020-06-02 04:58:45][]
[2020-06-02 04:58:45][]
[2020-06-02 04:58:45][]
[2020-06-02 04:58:45][]
[2020-06-02 04:58:45][]
[2020-06-02 04:58:45][]
[2020-06-02 04:58:46][]
[2020-06-02 04:58:46][]
[2020-06-02 04:58:46][]
[2020-06-02 04:58:46][]
[2020-06-02 04:58:46][]
[2020-06-02 04:58:46][]
[2020-06-02 06:10:59][]
[2020-06-02 16:06:07]{"device_id":"66901011","img_url":"http:\/\/allonyun.oss-cn-shenzhen.aliyuncs.com\/00000032\/member\/2104101437_01.jpg?OSSAccessKeyId=LTAITmpqqB8DCW0Q&Expires=3182228054&Signature=a4XKM5SNmZ8XHXbHh1Rttg292Pk%3D","mem_age":"6","mem_hint":"&#x0057;&#x0065;&#x006C;&#x0063;&#x006F;&#x006D;&#x0065;","mem_name":"&#x674E;&#x4F69;&#x7487;&#x0030;&#x0032;&#x0032;&#x0078;","mem_no":"2104101437","mem_sex":"&#x5973;","mem_sort":"&#x4F1A;&#x5458;&#x5361;","timestamp":"1591113967","url_type":"1","sign":"f1bf24549b72115480ab1bd73b527215"}
[2020-06-02 16:06:37]{"device_id":"66901011","img_url":"http:\/\/allonyun.oss-cn-shenzhen.aliyuncs.com\/00000032\/member\/2104101437_01.jpg?OSSAccessKeyId=LTAITmpqqB8DCW0Q&Expires=3182228114&Signature=iMdkYij4Vnj6PSfEN%2BfNOoYjDIw%3D","mem_age":"6","mem_hint":"&#x0057;&#x0065;&#x006C;&#x0063;&#x006F;&#x006D;&#x0065;","mem_name":"&#x674E;&#x4F69;&#x7487;&#x0030;&#x0032;&#x0032;&#x0078;","mem_no":"2104101437","mem_sex":"&#x5973;","mem_sort":"&#x4F1A;&#x5458;&#x5361;","timestamp":"1591113997","url_type":"1","sign":"ffdb1290b09f2a4425bd6e271bc95594"}
[2020-06-02 16:06:51]{"device_id":"66901011","img_url":"http:\/\/allonyun.oss-cn-shenzhen.aliyuncs.com\/00000032\/member\/2104101437_01.jpg?OSSAccessKeyId=LTAITmpqqB8DCW0Q&Expires=3182228140&Signature=yD184f%2F14VJqNhZvETvnS11CGnY%3D","mem_age":"6","mem_hint":"&#x0057;&#x0065;&#x006C;&#x0063;&#x006F;&#x006D;&#x0065;","mem_name":"&#x674E;&#x4F69;&#x7487;&#x0030;&#x0032;&#x0032;&#x0078;","mem_no":"2104101437","mem_sex":"&#x5973;","mem_sort":"&#x4F1A;&#x5458;&#x5361;","timestamp":"1591114010","url_type":"1","sign":"1eac66291fcf8309b55428f6a16a8099"}
[2020-06-02 16:07:13]{"device_id":"66901011","img_url":"http:\/\/allonyun.oss-cn-shenzhen.aliyuncs.com\/00000032\/member\/2104119226_01.jpg?OSSAccessKeyId=LTAITmpqqB8DCW0Q&Expires=3182228186&Signature=7p2ibHLaq%2BpIcmC2CPp%2BzIvQDDw%3D","mem_age":"0","mem_hint":"&#x0057;&#x0065;&#x006C;&#x0063;&#x006F;&#x006D;&#x0065;","mem_name":"&#x4E34;&#x65F6;&#x5361;","mem_no":"2104119226","mem_sex":"&#x672B;&#x77E5;","mem_sort":"&#x4E34;&#x65F6;&#x5361;","timestamp":"1591114033","url_type":"1","sign":"ff1f14716cfcde10459e162a946386d1"}
[2020-06-02 16:07:15]{"device_id":"66901011","img_url":"http:\/\/allonyun.oss-cn-shenzhen.aliyuncs.com\/00000032\/member\/2104119226_01.jpg?OSSAccessKeyId=LTAITmpqqB8DCW0Q&Expires=3182228190&Signature=4DOEU%2BPGSpMsvGk2YdKrxEnIKhc%3D","mem_age":"0","mem_hint":"&#x0057;&#x0065;&#x006C;&#x0063;&#x006F;&#x006D;&#x0065;","mem_name":"&#x4E34;&#x65F6;&#x5361;","mem_no":"2104119226","mem_sex":"&#x672B;&#x77E5;","mem_sort":"&#x4E34;&#x65F6;&#x5361;","timestamp":"1591114035","url_type":"1","sign":"a104f740798f5facfaa121c8afa2b13c"}
[2020-06-02 16:09:27]{"device_id":"66901011","img_url":"http:\/\/allonyun.oss-cn-shenzhen.aliyuncs.com\/00000032\/member\/2104101437_01.jpg?OSSAccessKeyId=LTAITmpqqB8DCW0Q&Expires=3182228454&Signature=%2ByuLm4nKmJikdUEoD5Q%2Fi1xwpqI%3D","mem_age":"6","mem_hint":"&#x0057;&#x0065;&#x006C;&#x0063;&#x006F;&#x006D;&#x0065;","mem_name":"&#x674E;&#x4F69;&#x7487;&#x0030;&#x0032;&#x0032;&#x0078;","mem_no":"2104101437","mem_sex":"&#x5973;","mem_sort":"&#x4F1A;&#x5458;&#x5361;","timestamp":"1591114167","url_type":"1","sign":"e74fa1b6bb0a1e9ebc6f456c19acbb4a"}
[2020-06-02 16:11:57]{"device_id":"66901011","img_url":"http:\/\/allonyun.oss-cn-shenzhen.aliyuncs.com\/00000032\/member\/2104119226_01.jpg?OSSAccessKeyId=LTAITmpqqB8DCW0Q&Expires=3182228752&Signature=pxNrcJUZr9Y68m6r6LjTqayHm0Q%3D","mem_age":"0","mem_hint":"&#x0057;&#x0065;&#x006C;&#x0063;&#x006F;&#x006D;&#x0065;","mem_name":"&#x4E34;&#x65F6;&#x5361;","mem_no":"2104119226","mem_sex":"&#x672B;&#x77E5;","mem_sort":"&#x4E34;&#x65F6;&#x5361;","timestamp":"1591114316","url_type":"1","sign":"da542d5a0a1297fe8a648b3d56457fa3"}
[2020-06-02 17:04:39]{"device_id":"66901011","img_url":"http:\/\/allonyun.oss-cn-shenzhen.aliyuncs.com\/00000032\/member\/2104118719_01.jpg?OSSAccessKeyId=LTAITmpqqB8DCW0Q&Expires=3182235078&Signature=EYbUSbIHFsIkCl6ca%2BGj3fWaujA%3D","mem_age":"0","mem_hint":"&#x0057;&#x0065;&#x006C;&#x0063;&#x006F;&#x006D;&#x0065;","mem_name":"&#x4E34;&#x65F6;&#x5361;","mem_no":"2104118719","mem_sex":"&#x672B;&#x77E5;","mem_sort":"&#x4E34;&#x65F6;&#x5361;","timestamp":"1591117479","url_type":"1","sign":"a467d1ec499136df4613de11a9ab5484"}
[2020-06-02 23:45:14][]
[2020-06-02 23:45:22][]
[2020-06-02 23:45:22][]
