[2019-09-15 02:10:26][]
[2019-09-15 02:10:26][]
[2019-09-15 02:10:26][]
[2019-09-15 02:10:26][]
[2019-09-15 02:10:26][]
[2019-09-15 02:10:26][]
[2019-09-15 02:10:26][]
[2019-09-15 02:10:27][]
[2019-09-15 02:10:27][]
[2019-09-15 02:10:27][]
[2019-09-15 02:10:27][]
[2019-09-15 02:10:27][]
[2019-09-15 02:10:27][]
[2019-09-15 02:10:27][]
[2019-09-15 02:10:27][]
[2019-09-15 02:10:27][]
[2019-09-15 02:10:27][]
[2019-09-15 02:10:27][]
[2019-09-15 02:10:27][]
[2019-09-15 02:10:28][]
[2019-09-15 02:10:28][]
[2019-09-15 02:10:28][]
[2019-09-15 10:27:09]{"device_id":"6690100B","img_url":"http:\/\/allonyun.oss-cn-shenzhen.aliyuncs.com\/00000032\/member\/2106600233_01.jpg?OSSAccessKeyId=LTAITmpqqB8DCW0Q&Expires=3137086576&Signature=xWmg%2F%2F1iBq%2BQ5QmeqpJvXKpfPmw%3D","mem_age":"7","mem_hint":"&#x0057;&#x0065;&#x006C;&#x0063;&#x006F;&#x006D;&#x0065;","mem_name":"&#x795D;&#x6893;&#x5CA9;","mem_no":"2106600233","mem_sex":"&#x7537;","mem_sort":"&#x60E0;&#x9E7F;&#x5E74;&#x5361;","timestamp":"1568543228","url_type":"1","sign":"ebaf2bf3b5220a0c358cb4f3e6dac9b2"}
[2019-09-15 10:32:04]{"device_id":"6690100B","img_url":"http:\/\/allonyun.oss-cn-shenzhen.aliyuncs.com\/00000032\/member\/2106600575_01.jpg?OSSAccessKeyId=LTAITmpqqB8DCW0Q&Expires=3137087166&Signature=xe18LYQklAE8Eu3ZqEUoP%2BhSh8k%3D","mem_age":"4","mem_hint":"&#x0057;&#x0065;&#x006C;&#x0063;&#x006F;&#x006D;&#x0065;","mem_name":"&#x5F90;&#x6C90;&#x775B;","mem_no":"2106600575","mem_sex":"&#x5973;","mem_sort":"&#x60E0;&#x9E7F;&#x5E74;&#x5361;","timestamp":"1568543523","url_type":"1","sign":"f0141df86ffc7d91a37ea4494ca8806d"}
[2019-09-15 11:24:21][]
[2019-09-15 11:24:21][]
[2019-09-15 11:24:21][]
[2019-09-15 11:24:21][]
[2019-09-15 11:24:21][]
[2019-09-15 11:24:21][]
[2019-09-15 11:24:21][]
[2019-09-15 11:24:21][]
[2019-09-15 11:24:21][]
[2019-09-15 11:24:21][]
[2019-09-15 11:24:21][]
[2019-09-15 11:24:21][]
[2019-09-15 11:24:21][]
[2019-09-15 11:24:21][]
[2019-09-15 11:24:21][]
[2019-09-15 11:24:21][]
[2019-09-15 11:24:21][]
[2019-09-15 11:24:22][]
[2019-09-15 11:24:22][]
[2019-09-15 11:24:22][]
[2019-09-15 11:24:22][]
[2019-09-15 11:24:22][]
[2019-09-15 11:24:22][]
[2019-09-15 11:24:22][]
[2019-09-15 11:24:22][]
[2019-09-15 11:24:22][]
[2019-09-15 11:24:22][]
[2019-09-15 11:24:22][]
[2019-09-15 11:24:23][]
[2019-09-15 11:24:23][]
[2019-09-15 11:24:23][]
[2019-09-15 11:24:23][]
[2019-09-15 11:24:23][]
[2019-09-15 11:24:23][]
[2019-09-15 11:24:23][]
[2019-09-15 11:24:23][]
[2019-09-15 11:24:23][]
[2019-09-15 11:24:23][]
[2019-09-15 11:24:23][]
[2019-09-15 11:24:23][]
[2019-09-15 11:24:23][]
[2019-09-15 11:24:23][]
[2019-09-15 11:24:23][]
[2019-09-15 11:24:23][]
[2019-09-15 11:24:23][]
[2019-09-15 11:24:24][]
[2019-09-15 11:24:24][]
[2019-09-15 11:24:24][]
[2019-09-15 11:24:24][]
[2019-09-15 11:24:24][]
[2019-09-15 11:24:24][]
[2019-09-15 11:24:24][]
[2019-09-15 11:24:25][]
[2019-09-15 11:24:25][]
[2019-09-15 11:24:25][]
[2019-09-15 13:02:38]{"device_id":"66901011","img_url":"http:\/\/allonyun.oss-cn-shenzhen.aliyuncs.com\/00000032\/member\/2106600228_01.jpg?OSSAccessKeyId=LTAITmpqqB8DCW0Q&Expires=3137105234&Signature=lwP3A8gpt1MVfwDFNZIjyhY23kU%3D","mem_age":"2","mem_hint":"&#x0057;&#x0065;&#x006C;&#x0063;&#x006F;&#x006D;&#x0065;","mem_name":"&#x5C0F;&#x8461;&#x8404;","mem_no":"2106600228","mem_sex":"&#x5973;","mem_sort":"&#x60E0;&#x9E7F;&#x5E74;&#x5361;","timestamp":"1568552557","url_type":"1","sign":"33a1762210627aa3e0458b58fbc93d79"}
[2019-09-15 13:27:56]{"device_id":"6690100C","img_url":"http:\/\/allonyun.oss-cn-shenzhen.aliyuncs.com\/00000032\/member\/2106600567_01.jpg?OSSAccessKeyId=LTAITmpqqB8DCW0Q&Expires=3137108270&Signature=%2F1fcwWoXq%2BVxUAGtI0yNXK0jxw8%3D","mem_age":"6","mem_hint":"&#x0057;&#x0065;&#x006C;&#x0063;&#x006F;&#x006D;&#x0065;","mem_name":"&#x5F90;&#x5609;&#x60A6;","mem_no":"2106600567","mem_sex":"&#x5973;","mem_sort":"&#x60E0;&#x9E7F;&#x5E74;&#x5361;","timestamp":"1568554075","url_type":"1","sign":"ae42a6890951d8a8bebd7e1e09ad436b"}
[2019-09-15 13:51:38]{"device_id":"6690100C","img_url":"http:\/\/allonyun.oss-cn-shenzhen.aliyuncs.com\/00000032\/member\/2104110829_01.jpg?OSSAccessKeyId=LTAITmpqqB8DCW0Q&Expires=3137111116&Signature=LF6wk7AzQ5L407Ht%2FiOilWlxawI%3D","mem_age":"4","mem_hint":"&#x0057;&#x0065;&#x006C;&#x0063;&#x006F;&#x006D;&#x0065;","mem_name":"&#x5218;&#x79CB;&#x59A4;&#x0035;&#x0037;&#x0033;&#x0036;","mem_no":"2104110829","mem_sex":"&#x5973;","mem_sort":"&#x60E0;&#x9E7F;&#x5E74;&#x5361;","timestamp":"1568555498","url_type":"1","sign":"a640dc1c9f1fb312a3495f11ba7af3b6"}
[2019-09-15 14:06:34][]
[2019-09-15 14:40:14]{"device_id":"6690100C","img_url":"http:\/\/allonyun.oss-cn-shenzhen.aliyuncs.com\/00000032\/member\/2106600589_01.jpg?OSSAccessKeyId=LTAITmpqqB8DCW0Q&Expires=3137116946&Signature=HJocSJJzx%2BMLvFhvnShRcusZaO4%3D","mem_age":"8","mem_hint":"&#x0057;&#x0065;&#x006C;&#x0063;&#x006F;&#x006D;&#x0065;","mem_name":"&#x738B;&#x6CF0;&#x9A8F;","mem_no":"2106600589","mem_sex":"&#x7537;","mem_sort":"&#x5458;&#x5DE5;&#x5361;","timestamp":"1568558413","url_type":"1","sign":"480a8842cdfc37ec3ed4c2bd7413ab3e"}
[2019-09-15 14:46:04]{"device_id":"6690100B","img_url":"http:\/\/allonyun.oss-cn-shenzhen.aliyuncs.com\/00000032\/member\/2104110628_01.jpg?OSSAccessKeyId=LTAITmpqqB8DCW0Q&Expires=3137117647&Signature=8W%2B4nVj7WcurUUtH50WRfbF%2Fphk%3D","mem_age":"4","mem_hint":"&#x0057;&#x0065;&#x006C;&#x0063;&#x006F;&#x006D;&#x0065;","mem_name":"&#x90B9;&#x6DF3;&#x6EAA;&#x0030;&#x0030;&#x0032;&#x0078;","mem_no":"2104110628","mem_sex":"&#x5973;","mem_sort":"&#x60E0;&#x9E7F;&#x5E74;&#x5361;","timestamp":"1568558764","url_type":"1","sign":"ed5961413207552d77467adc8240e6ca"}
[2019-09-15 15:41:19]{"device_id":"6690100B","img_url":"http:\/\/allonyun.oss-cn-shenzhen.aliyuncs.com\/00000032\/member\/2106600390_01.jpg?OSSAccessKeyId=LTAITmpqqB8DCW0Q&Expires=3137124276&Signature=KGeTL2C1ttJl60WTetNr86lRZIQ%3D","mem_age":"6","mem_hint":"&#x0057;&#x0065;&#x006C;&#x0063;&#x006F;&#x006D;&#x0065;","mem_name":"&#x6234;&#x94B0;&#x7426;","mem_no":"2106600390","mem_sex":"&#x5973;","mem_sort":"&#x60E0;&#x9E7F;&#x5E74;&#x5361;","timestamp":"1568562078","url_type":"1","sign":"0d4fc4df2bacb4c6ce6a30a0ac34c1ab"}
[2019-09-15 15:41:35]{"device_id":"6690100B","img_url":"http:\/\/allonyun.oss-cn-shenzhen.aliyuncs.com\/00000032\/member\/2106600390_01.jpg?OSSAccessKeyId=LTAITmpqqB8DCW0Q&Expires=3137124308&Signature=FvYs4N6KXIWVkWh44havE0yU400%3D","mem_age":"6","mem_hint":"&#x0057;&#x0065;&#x006C;&#x0063;&#x006F;&#x006D;&#x0065;","mem_name":"&#x6234;&#x94B0;&#x7426;","mem_no":"2106600390","mem_sex":"&#x5973;","mem_sort":"&#x60E0;&#x9E7F;&#x5E74;&#x5361;","timestamp":"1568562094","url_type":"1","sign":"039235cf39062602c751b2d86a8a8fae"}
[2019-09-15 15:51:33]{"device_id":"66901011","img_url":"http:\/\/allonyun.oss-cn-shenzhen.aliyuncs.com\/00000032\/member\/2106600230_01.jpg?OSSAccessKeyId=LTAITmpqqB8DCW0Q&Expires=3137125504&Signature=5aSPkRFguASFDZeFAnW758Y9fZI%3D","mem_age":"4","mem_hint":"&#x0057;&#x0065;&#x006C;&#x0063;&#x006F;&#x006D;&#x0065;","mem_name":"&#x59DC;&#x5C0F;&#x96E8;","mem_no":"2106600230","mem_sex":"&#x5973;","mem_sort":"&#x60E0;&#x9E7F;&#x5E74;&#x5361;","timestamp":"1568562692","url_type":"1","sign":"39a3632b6a8fa44c00959af8c4e14de3"}
[2019-09-15 15:52:38]{"device_id":"6690100C","img_url":"http:\/\/allonyun.oss-cn-shenzhen.aliyuncs.com\/00000032\/member\/2106600232_01.jpg?OSSAccessKeyId=LTAITmpqqB8DCW0Q&Expires=3137125634&Signature=jpbiOdPrUMlLFGQq2%2FisZOn8jAU%3D","mem_age":"5","mem_hint":"&#x0057;&#x0065;&#x006C;&#x0063;&#x006F;&#x006D;&#x0065;","mem_name":"&#x9F99;&#x601D;&#x4F2F;&#x0037;&#x0032;&#x0032;&#x0039;","mem_no":"2106600232","mem_sex":"&#x7537;","mem_sort":"&#x60E0;&#x9E7F;&#x5E74;&#x5361;","timestamp":"1568562757","url_type":"1","sign":"df0d34e40189455b20d067176bd211e6"}
[2019-09-15 16:23:21]{"device_id":"6690100B","img_url":"http:\/\/allonyun.oss-cn-shenzhen.aliyuncs.com\/00000032\/member\/2106600236_01.jpg?OSSAccessKeyId=LTAITmpqqB8DCW0Q&Expires=3137129320&Signature=909Lmf7RCJwB3sVrtdy2zAy7nJ0%3D","mem_age":"4","mem_hint":"&#x0057;&#x0065;&#x006C;&#x0063;&#x006F;&#x006D;&#x0065;","mem_name":"&#x718A;&#x82E5;&#x521D;","mem_no":"2106600236","mem_sex":"&#x5973;","mem_sort":"&#x60E0;&#x9E7F;&#x5E74;&#x5361;","timestamp":"1568564600","url_type":"1","sign":"e4b19bc5fb19bf101f22faca912846ef"}
[2019-09-15 16:28:32]{"device_id":"6690100C","img_url":"http:\/\/allonyun.oss-cn-shenzhen.aliyuncs.com\/00000032\/member\/2106600591_01.jpg?OSSAccessKeyId=LTAITmpqqB8DCW0Q&Expires=3137129942&Signature=fVk7093fE5iOwumLvAkCL5HqtlY%3D","mem_age":"3","mem_hint":"&#x0057;&#x0065;&#x006C;&#x0063;&#x006F;&#x006D;&#x0065;","mem_name":"&#x5434;&#x4FCA;&#x8D24;","mem_no":"2106600591","mem_sex":"&#x7537;","mem_sort":"&#x5458;&#x5DE5;&#x5361;","timestamp":"1568564911","url_type":"1","sign":"fcea9c21b4ed226fa3e412c728a2bcd5"}
[2019-09-15 16:33:42][]
[2019-09-15 16:33:42][]
[2019-09-15 16:33:42][]
[2019-09-15 16:33:42][]
[2019-09-15 16:33:42][]
[2019-09-15 16:33:42][]
[2019-09-15 16:33:43][]
[2019-09-15 16:33:43][]
[2019-09-15 16:33:43][]
[2019-09-15 16:33:43][]
[2019-09-15 16:33:43][]
[2019-09-15 16:33:43][]
[2019-09-15 16:33:43][]
[2019-09-15 16:33:43][]
[2019-09-15 16:33:43][]
[2019-09-15 16:33:43][]
[2019-09-15 16:33:43][]
[2019-09-15 16:33:44][]
[2019-09-15 16:33:44][]
[2019-09-15 16:33:44][]
[2019-09-15 16:33:44][]
[2019-09-15 16:33:44][]
[2019-09-15 17:11:39]{"device_id":"6690100C","img_url":"http:\/\/allonyun.oss-cn-shenzhen.aliyuncs.com\/00000032\/member\/2104112928_01.jpg?OSSAccessKeyId=LTAITmpqqB8DCW0Q&Expires=3137135118&Signature=BUEOlRBBYlIn8Popq0hvSH%2B9Beo%3D","mem_age":"2","mem_hint":"&#x0057;&#x0065;&#x006C;&#x0063;&#x006F;&#x006D;&#x0065;","mem_name":"&#x6613;&#x8431;&#x970F;","mem_no":"2104112928","mem_sex":"&#x5973;","mem_sort":"&#x60E0;&#x9E7F;&#x5E74;&#x5361;","timestamp":"1568567499","url_type":"1","sign":"3a6b44423ccc0fec4db8068ea84d93b5"}
[2019-09-15 18:55:13]{"device_id":"6690100B","img_url":"http:\/\/allonyun.oss-cn-shenzhen.aliyuncs.com\/00000032\/member\/2106600247_01.jpg?OSSAccessKeyId=LTAITmpqqB8DCW0Q&Expires=3137147546&Signature=7PKnZ6PklcRWmofdrz9XI3gj1xM%3D","mem_age":"2","mem_hint":"&#x0057;&#x0065;&#x006C;&#x0063;&#x006F;&#x006D;&#x0065;","mem_name":"&#x8C2D;&#x6DB5;&#x6708;","mem_no":"2106600247","mem_sex":"&#x5973;","mem_sort":"&#x60E0;&#x9E7F;&#x5E74;&#x5361;","timestamp":"1568573713","url_type":"1","sign":"40961067b87014fc369855af05224114"}
[2019-09-15 19:13:28]{"device_id":"6690100B","img_url":"http:\/\/allonyun.oss-cn-shenzhen.aliyuncs.com\/00000032\/member\/2104107811_01.jpg?OSSAccessKeyId=LTAITmpqqB8DCW0Q&Expires=3137149736&Signature=rcFMy1vM20hUQIDeojroUQR%2BybY%3D","mem_age":"2","mem_hint":"&#x0057;&#x0065;&#x006C;&#x0063;&#x006F;&#x006D;&#x0065;","mem_name":"&#x9EC4;&#x88D4;&#x68E0;&#x0030;&#x0034;&#x0038;&#x0037;","mem_no":"2104107811","mem_sex":"&#x7537;","mem_sort":"&#x4F1A;&#x5458;&#x5361;","timestamp":"1568574808","url_type":"1","sign":"e38de52cc22d976a72a3152f1a17e121"}
