2019-06-22 09:54:12 pid:19537 Workerman[server.php] restart 
2019-06-22 09:54:12 pid:19537 Workerman[server.php] is stopping ...
2019-06-22 09:54:12 pid:19537 Workerman[server.php] stop success
2019-06-22 09:54:18 pid:19537 Workerman[server.php] stopping ...
2019-06-22 09:54:18 pid:19537 Workerman[server.php] has been stopped
2019-06-22 09:54:19 pid:19539 Workerman[server.php] restart 
2019-06-22 09:54:19 pid:19539 Workerman[server.php] is stopping ...
2019-06-22 09:54:19 pid:19539 Workerman[server.php] stop success
2019-06-22 10:04:37 pid:20170 Workerman[server.php] restart 
2019-06-22 10:04:37 pid:20170 Workerman[server.php] is stopping ...
2019-06-22 10:04:37 pid:19541 Workerman[server.php] stopping ...
2019-06-22 10:04:37 pid:19541 Workerman[server.php] has been stopped
2019-06-22 10:04:37 pid:20170 Workerman[server.php] stop success
2019-06-22 10:04:38 pid:20170 Workerman[server.php] stopping ...
2019-06-22 10:04:38 pid:20170 Workerman[server.php] has been stopped
2019-06-22 10:04:40 pid:20172 Workerman[server.php] restart 
2019-06-22 10:04:40 pid:20172 Workerman[server.php] is stopping ...
2019-06-22 10:04:40 pid:20172 Workerman[server.php] stop success
2019-06-22 10:09:48 pid:20489 Workerman[server.php] stop 
2019-06-22 10:09:48 pid:20489 Workerman[server.php] is stopping ...
2019-06-22 10:09:48 pid:20174 Workerman[server.php] stopping ...
2019-06-22 10:09:48 pid:20174 Workerman[server.php] has been stopped
2019-06-22 10:09:48 pid:20489 Workerman[server.php] stop success
2019-06-22 10:09:56 pid:20491 Workerman[server.php] start in DAEMON mode
2019-06-30 18:02:02 pid:1550 Workerman[server.php] restart 
2019-06-30 18:02:02 pid:1550 Workerman[server.php] is stopping ...
2019-06-30 18:02:02 pid:20493 Workerman[server.php] stopping ...
2019-06-30 18:02:02 pid:20493 Workerman[server.php] has been stopped
2019-06-30 18:02:02 pid:1550 Workerman[server.php] stop success
2019-07-04 16:15:43 pid:30708 Workerman[server.php] stop 
2019-07-04 16:15:43 pid:30708 Workerman[server.php] is stopping ...
2019-07-04 16:15:43 pid:1553 Workerman[server.php] stopping ...
2019-07-04 16:15:43 pid:1553 Workerman[server.php] has been stopped
2019-07-04 16:15:43 pid:30708 Workerman[server.php] stop success
2019-07-04 16:15:47 pid:30710 Workerman[server.php] start in DAEMON mode
2019-07-04 16:29:24 pid:31499 Workerman[server.php] restart 
2019-07-04 16:29:24 pid:31499 Workerman[server.php] is stopping ...
2019-07-04 16:29:24 pid:30712 Workerman[server.php] stopping ...
2019-07-04 16:29:24 pid:30712 Workerman[server.php] has been stopped
2019-07-04 16:29:24 pid:31499 Workerman[server.php] stop success
2019-07-04 16:29:34 pid:31499 Workerman[server.php] stopping ...
2019-07-04 16:29:34 pid:31499 Workerman[server.php] has been stopped
2019-07-04 16:30:00 pid:31525 Workerman[server.php] start in DAEMON mode
2019-07-04 16:31:42 pid:31638 Workerman[server.php] start in DAEMON mode
2019-07-04 16:31:42 pid:31638 Workerman[server.php] already running
2019-07-04 16:31:46 pid:31641 Workerman[server.php] restart 
2019-07-04 16:31:46 pid:31641 Workerman[server.php] is stopping ...
2019-07-04 16:31:46 pid:31527 Workerman[server.php] stopping ...
2019-07-04 16:31:46 pid:31527 Workerman[server.php] has been stopped
2019-07-04 16:31:46 pid:31641 Workerman[server.php] stop success
2019-09-08 21:49:27 pid:13518 Workerman[server.php] restart 
2019-09-08 21:49:27 pid:13518 Workerman[server.php] is stopping ...
2019-09-08 21:49:27 pid:31643 Workerman[server.php] stopping ...
2019-09-08 21:49:27 pid:31643 Workerman[server.php] has been stopped
2019-09-08 21:49:27 pid:13518 Workerman[server.php] stop success
2019-09-08 21:49:31 pid:13518 Workerman[server.php] stopping ...
2019-09-08 21:49:31 pid:13518 Workerman[server.php] has been stopped
2019-09-08 21:49:33 pid:13521 Workerman[server.php] restart 
2019-09-08 21:49:33 pid:13521 Workerman[server.php] is stopping ...
2019-09-08 21:49:33 pid:13521 Workerman[server.php] stop success
2019-10-17 14:58:05 pid:12472 Workerman[server.php] start in DEBUG mode
2019-10-17 14:58:08 pid:12472 Workerman[server.php] stopping ...
2019-10-17 14:58:08 pid:12472 Workerman[server.php] has been stopped
2019-10-17 14:58:11 pid:12474 Workerman[server.php] start in DAEMON mode
2019-10-23 19:31:06 pid:19385 Workerman[server.php] status 
2019-10-23 19:32:19 pid:19429 Workerman[server.php] restart 
2019-10-23 19:32:19 pid:19429 Workerman[server.php] is stopping ...
2019-10-23 19:32:19 pid:12476 Workerman[server.php] stopping ...
2019-10-23 19:32:19 pid:12476 Workerman[server.php] has been stopped
2019-10-23 19:32:19 pid:19429 Workerman[server.php] stop success
2019-10-23 19:32:32 pid:19429 Workerman[server.php] stopping ...
2019-10-23 19:32:32 pid:19429 Workerman[server.php] has been stopped
2019-10-23 19:33:20 pid:19514 Workerman[server.php] start in DAEMON mode
2019-12-15 20:44:21 pid:2124 Workerman[server.php] restart 
2019-12-15 20:44:21 pid:2124 Workerman[server.php] is stopping ...
2019-12-15 20:44:21 pid:2124 Workerman[server.php] stop success
2019-12-15 20:44:24 pid:2124 Workerman[server.php] stopping ...
2019-12-15 20:44:24 pid:2124 Workerman[server.php] has been stopped
2019-12-15 20:44:31 pid:2134 Workerman[server.php] start in DAEMON mode
2019-12-15 20:44:37 pid:2138 Workerman[server.php] restart 
2019-12-15 20:44:37 pid:2138 Workerman[server.php] is stopping ...
2019-12-15 20:44:37 pid:2136 Workerman[server.php] stopping ...
2019-12-15 20:44:37 pid:2136 Workerman[server.php] has been stopped
2019-12-15 20:44:37 pid:2138 Workerman[server.php] stop success
